[INFO ] 2014-09-16 16:33:25.234 [main] Singleton - Singleton is created
[ERROR] 2014-09-17 15:46:34.812 [main] StockObserver - The stock 'Usb' is not available for purchase
java.lang.IllegalArgumentException: The stock 'Usb' is not available for purchase
	at com.sirma.itt.javacourse.patterns.observer.Stock.setQuantity(Stock.java:67) ~[classes/:?]
	at com.sirma.itt.javacourse.patterns.observer.StockObserver.sell(StockObserver.java:51) [classes/:?]
	at com.sirma.itt.javacourse.patterns.observer.Run.main(Run.java:74) [classes/:?]
[ERROR] 2014-09-17 15:46:59.327 [main] StockObserver - The stock 'Mouse' is not available for purchase
java.lang.IllegalArgumentException: The stock 'Mouse' is not available for purchase
	at com.sirma.itt.javacourse.patterns.observer.Stock.setQuantity(Stock.java:67) ~[classes/:?]
	at com.sirma.itt.javacourse.patterns.observer.StockObserver.sell(StockObserver.java:51) [classes/:?]
	at com.sirma.itt.javacourse.patterns.observer.Run.main(Run.java:70) [classes/:?]
[ERROR] 2014-09-17 15:46:59.327 [main] StockObserver - The stock 'Usb' is not available for purchase
java.lang.IllegalArgumentException: The stock 'Usb' is not available for purchase
	at com.sirma.itt.javacourse.patterns.observer.Stock.setQuantity(Stock.java:67) ~[classes/:?]
	at com.sirma.itt.javacourse.patterns.observer.StockObserver.sell(StockObserver.java:51) [classes/:?]
	at com.sirma.itt.javacourse.patterns.observer.Run.main(Run.java:74) [classes/:?]
[ERROR] 2014-09-17 15:51:26.156 [main] StockObserver - The stock 'Mouse' is not available for purchase. Available: 10; Given: -290
java.lang.IllegalArgumentException: The stock 'Mouse' is not available for purchase. Available: 10; Given: -290
	at com.sirma.itt.javacourse.patterns.observer.Stock.setQuantity(Stock.java:67) ~[classes/:?]
	at com.sirma.itt.javacourse.patterns.observer.StockObserver.sell(StockObserver.java:51) [classes/:?]
	at com.sirma.itt.javacourse.patterns.observer.Run.main(Run.java:70) [classes/:?]
[ERROR] 2014-09-17 15:51:26.171 [main] StockObserver - The stock 'Usb' is not available for purchase. Available: 0; Given: -5
java.lang.IllegalArgumentException: The stock 'Usb' is not available for purchase. Available: 0; Given: -5
	at com.sirma.itt.javacourse.patterns.observer.Stock.setQuantity(Stock.java:67) ~[classes/:?]
	at com.sirma.itt.javacourse.patterns.observer.StockObserver.sell(StockObserver.java:51) [classes/:?]
	at com.sirma.itt.javacourse.patterns.observer.Run.main(Run.java:74) [classes/:?]
[ERROR] 2014-09-17 15:52:39.796 [main] StockObserver - The stock 'Mouse' is not available for purchase. Available: 10; Given: -1
java.lang.IllegalArgumentException: The stock 'Mouse' is not available for purchase. Available: 10; Given: -1
	at com.sirma.itt.javacourse.patterns.observer.Stock.setQuantity(Stock.java:67) ~[classes/:?]
	at com.sirma.itt.javacourse.patterns.observer.StockObserver.sell(StockObserver.java:51) [classes/:?]
	at com.sirma.itt.javacourse.patterns.observer.Run.main(Run.java:70) [classes/:?]
[ERROR] 2014-09-17 15:54:42.031 [main] StockObserver - Not available quantity of the stock. Available: -5; Given: 1
java.lang.IllegalArgumentException: Not available quantity of the stock. Available: -5; Given: 1
	at com.sirma.itt.javacourse.patterns.observer.Stock.setQuantity(Stock.java:71) ~[classes/:?]
	at com.sirma.itt.javacourse.patterns.observer.StockObserver.sell(StockObserver.java:51) [classes/:?]
	at com.sirma.itt.javacourse.patterns.observer.Run.main(Run.java:61) [classes/:?]
[ERROR] 2014-09-17 15:54:42.031 [main] StockObserver - Not available quantity of the stock. Available: -5; Given: 1
java.lang.IllegalArgumentException: Not available quantity of the stock. Available: -5; Given: 1
	at com.sirma.itt.javacourse.patterns.observer.Stock.setQuantity(Stock.java:71) ~[classes/:?]
	at com.sirma.itt.javacourse.patterns.observer.StockObserver.sell(StockObserver.java:51) [classes/:?]
	at com.sirma.itt.javacourse.patterns.observer.Run.main(Run.java:62) [classes/:?]
[ERROR] 2014-09-17 15:54:42.031 [main] StockObserver - Not available quantity of the stock. Available: -5; Given: 1
java.lang.IllegalArgumentException: Not available quantity of the stock. Available: -5; Given: 1
	at com.sirma.itt.javacourse.patterns.observer.Stock.setQuantity(Stock.java:71) ~[classes/:?]
	at com.sirma.itt.javacourse.patterns.observer.StockObserver.sell(StockObserver.java:51) [classes/:?]
	at com.sirma.itt.javacourse.patterns.observer.Run.main(Run.java:63) [classes/:?]
[ERROR] 2014-09-17 15:54:42.031 [main] StockObserver - Not available quantity of the stock. Available: -5; Given: 1
java.lang.IllegalArgumentException: Not available quantity of the stock. Available: -5; Given: 1
	at com.sirma.itt.javacourse.patterns.observer.Stock.setQuantity(Stock.java:71) ~[classes/:?]
	at com.sirma.itt.javacourse.patterns.observer.StockObserver.sell(StockObserver.java:51) [classes/:?]
	at com.sirma.itt.javacourse.patterns.observer.Run.main(Run.java:64) [classes/:?]
[ERROR] 2014-09-17 15:54:42.031 [main] StockObserver - Not available quantity of the stock. Available: -5; Given: 1
java.lang.IllegalArgumentException: Not available quantity of the stock. Available: -5; Given: 1
	at com.sirma.itt.javacourse.patterns.observer.Stock.setQuantity(Stock.java:71) ~[classes/:?]
	at com.sirma.itt.javacourse.patterns.observer.StockObserver.sell(StockObserver.java:51) [classes/:?]
	at com.sirma.itt.javacourse.patterns.observer.Run.main(Run.java:65) [classes/:?]
[ERROR] 2014-09-17 15:59:44.312 [main] StockObserver - The stock 'Usb' is not available for purchase
java.lang.IllegalArgumentException: The stock 'Usb' is not available for purchase
	at com.sirma.itt.javacourse.patterns.observer.Stock.setQuantity(Stock.java:67) ~[classes/:?]
	at com.sirma.itt.javacourse.patterns.observer.StockObserver.sell(StockObserver.java:51) [classes/:?]
	at com.sirma.itt.javacourse.patterns.observer.Run.main(Run.java:74) [classes/:?]
[ERROR] 2014-09-17 15:59:54.843 [main] StockObserver - The stock 'Mouse' is not available for purchase
java.lang.IllegalArgumentException: The stock 'Mouse' is not available for purchase
	at com.sirma.itt.javacourse.patterns.observer.Stock.setQuantity(Stock.java:67) ~[classes/:?]
	at com.sirma.itt.javacourse.patterns.observer.StockObserver.sell(StockObserver.java:51) [classes/:?]
	at com.sirma.itt.javacourse.patterns.observer.Run.main(Run.java:69) [classes/:?]
[ERROR] 2014-09-17 15:59:54.843 [main] StockObserver - The stock 'Usb' is not available for purchase
java.lang.IllegalArgumentException: The stock 'Usb' is not available for purchase
	at com.sirma.itt.javacourse.patterns.observer.Stock.setQuantity(Stock.java:67) ~[classes/:?]
	at com.sirma.itt.javacourse.patterns.observer.StockObserver.sell(StockObserver.java:51) [classes/:?]
	at com.sirma.itt.javacourse.patterns.observer.Run.main(Run.java:73) [classes/:?]
[ERROR] 2014-09-17 16:01:02.156 [main] StockObserver - The stock 'Mouse' is not available for purchase
java.lang.IllegalArgumentException: The stock 'Mouse' is not available for purchase
	at com.sirma.itt.javacourse.patterns.observer.Stock.setQuantity(Stock.java:67) ~[classes/:?]
	at com.sirma.itt.javacourse.patterns.observer.StockObserver.sell(StockObserver.java:51) [classes/:?]
	at com.sirma.itt.javacourse.patterns.observer.Run.main(Run.java:69) [classes/:?]
[ERROR] 2014-09-17 16:02:15.218 [main] StockObserver - The stock 'Mouse' is not available for purchase
java.lang.IllegalArgumentException: The stock 'Mouse' is not available for purchase
	at com.sirma.itt.javacourse.patterns.observer.Stock.setQuantity(Stock.java:67) ~[classes/:?]
	at com.sirma.itt.javacourse.patterns.observer.StockObserver.sell(StockObserver.java:51) [classes/:?]
	at com.sirma.itt.javacourse.patterns.observer.Run.main(Run.java:69) [classes/:?]
[ERROR] 2014-09-17 16:02:15.218 [main] StockObserver - The stock 'Usb' is not available for purchase
java.lang.IllegalArgumentException: The stock 'Usb' is not available for purchase
	at com.sirma.itt.javacourse.patterns.observer.Stock.setQuantity(Stock.java:67) ~[classes/:?]
	at com.sirma.itt.javacourse.patterns.observer.StockObserver.sell(StockObserver.java:51) [classes/:?]
	at com.sirma.itt.javacourse.patterns.observer.Run.main(Run.java:73) [classes/:?]
[ERROR] 2014-09-17 16:02:35.452 [main] StockObserver - The stock 'Usb' is not available for purchase
java.lang.IllegalArgumentException: The stock 'Usb' is not available for purchase
	at com.sirma.itt.javacourse.patterns.observer.Stock.setQuantity(Stock.java:67) ~[classes/:?]
	at com.sirma.itt.javacourse.patterns.observer.StockObserver.sell(StockObserver.java:51) [classes/:?]
	at com.sirma.itt.javacourse.patterns.observer.Run.main(Run.java:73) [classes/:?]
[ERROR] 2014-09-17 16:09:54.218 [main] StockObserver - The stock 'Usb' is not available for purchase
java.lang.IllegalArgumentException: The stock 'Usb' is not available for purchase
	at com.sirma.itt.javacourse.patterns.observer.Stock.setQuantity(Stock.java:67) ~[classes/:?]
	at com.sirma.itt.javacourse.patterns.observer.StockObserver.sell(StockObserver.java:51) [classes/:?]
	at com.sirma.itt.javacourse.patterns.observer.ObserverTest.test(ObserverTest.java:23) [test-classes/:?]
	at sun.reflect.NativeMethodAccessorImpl.invoke0(Native Method) ~[?:1.7.0_60]
	at sun.reflect.NativeMethodAccessorImpl.invoke(NativeMethodAccessorImpl.java:57) ~[?:1.7.0_60]
	at sun.reflect.DelegatingMethodAccessorImpl.invoke(DelegatingMethodAccessorImpl.java:43) ~[?:1.7.0_60]
	at java.lang.reflect.Method.invoke(Method.java:606) ~[?:1.7.0_60]
	at org.junit.runners.model.FrameworkMethod$1.runReflectiveCall(FrameworkMethod.java:47) [junit-4.11.jar:?]
	at org.junit.internal.runners.model.ReflectiveCallable.run(ReflectiveCallable.java:12) [junit-4.11.jar:?]
	at org.junit.runners.model.FrameworkMethod.invokeExplosively(FrameworkMethod.java:44) [junit-4.11.jar:?]
	at org.junit.internal.runners.statements.InvokeMethod.evaluate(InvokeMethod.java:17) [junit-4.11.jar:?]
	at org.junit.internal.runners.statements.ExpectException.evaluate(ExpectException.java:19) [junit-4.11.jar:?]
	at org.junit.runners.ParentRunner.runLeaf(ParentRunner.java:271) [junit-4.11.jar:?]
	at org.junit.runners.BlockJUnit4ClassRunner.runChild(BlockJUnit4ClassRunner.java:70) [junit-4.11.jar:?]
	at org.junit.runners.BlockJUnit4ClassRunner.runChild(BlockJUnit4ClassRunner.java:50) [junit-4.11.jar:?]
	at org.junit.runners.ParentRunner$3.run(ParentRunner.java:238) [junit-4.11.jar:?]
	at org.junit.runners.ParentRunner$1.schedule(ParentRunner.java:63) [junit-4.11.jar:?]
	at org.junit.runners.ParentRunner.runChildren(ParentRunner.java:236) [junit-4.11.jar:?]
	at org.junit.runners.ParentRunner.access$000(ParentRunner.java:53) [junit-4.11.jar:?]
	at org.junit.runners.ParentRunner$2.evaluate(ParentRunner.java:229) [junit-4.11.jar:?]
	at org.junit.runners.ParentRunner.run(ParentRunner.java:309) [junit-4.11.jar:?]
	at org.eclipse.jdt.internal.junit4.runner.JUnit4TestReference.run(JUnit4TestReference.java:50) [.cp/:?]
	at org.eclipse.jdt.internal.junit.runner.TestExecution.run(TestExecution.java:38) [.cp/:?]
	at org.eclipse.jdt.internal.junit.runner.RemoteTestRunner.runTests(RemoteTestRunner.java:467) [.cp/:?]
	at org.eclipse.jdt.internal.junit.runner.RemoteTestRunner.runTests(RemoteTestRunner.java:683) [.cp/:?]
	at org.eclipse.jdt.internal.junit.runner.RemoteTestRunner.run(RemoteTestRunner.java:390) [.cp/:?]
	at org.eclipse.jdt.internal.junit.runner.RemoteTestRunner.main(RemoteTestRunner.java:197) [.cp/:?]
