[INFO ] 2015-01-03 12:34:44.694 [AWT-EventQueue-0] Server - Started the server
[INFO ] 2015-01-03 12:35:22.387 [AWT-EventQueue-0] Server - Closed the server
[ERROR] 2015-01-03 12:35:22.387 [Thread-4] Server - socket closed
java.net.SocketException: socket closed
	at java.net.DualStackPlainSocketImpl.accept0(Native Method) ~[?:1.8.0_20]
	at java.net.DualStackPlainSocketImpl.socketAccept(DualStackPlainSocketImpl.java:131) ~[?:1.8.0_20]
	at java.net.AbstractPlainSocketImpl.accept(AbstractPlainSocketImpl.java:404) ~[?:1.8.0_20]
	at java.net.PlainSocketImpl.accept(PlainSocketImpl.java:199) ~[?:1.8.0_20]
	at java.net.ServerSocket.implAccept(ServerSocket.java:545) ~[?:1.8.0_20]
	at java.net.ServerSocket.accept(ServerSocket.java:513) ~[?:1.8.0_20]
	at com.sirma.itt.javacourse.chatserver.server.Server.acceptClients(Server.java:103) [classes/:?]
	at com.sirma.itt.javacourse.chatserver.server.Server.run(Server.java:77) [classes/:?]
	at java.lang.Thread.run(Thread.java:745) [?:1.8.0_20]
[INFO ] 2015-01-03 12:48:49.280 [AWT-EventQueue-0] Server - Started the server
[INFO ] 2015-01-03 12:48:54.840 [AWT-EventQueue-0] Server - Closed the server
[ERROR] 2015-01-03 12:48:54.840 [Thread-4] Server - socket closed
java.net.SocketException: socket closed
	at java.net.DualStackPlainSocketImpl.accept0(Native Method) ~[?:1.8.0_20]
	at java.net.DualStackPlainSocketImpl.socketAccept(DualStackPlainSocketImpl.java:131) ~[?:1.8.0_20]
	at java.net.AbstractPlainSocketImpl.accept(AbstractPlainSocketImpl.java:404) ~[?:1.8.0_20]
	at java.net.PlainSocketImpl.accept(PlainSocketImpl.java:199) ~[?:1.8.0_20]
	at java.net.ServerSocket.implAccept(ServerSocket.java:545) ~[?:1.8.0_20]
	at java.net.ServerSocket.accept(ServerSocket.java:513) ~[?:1.8.0_20]
	at com.sirma.itt.javacourse.chatserver.server.Server.acceptClients(Server.java:103) [classes/:?]
	at com.sirma.itt.javacourse.chatserver.server.Server.run(Server.java:77) [classes/:?]
	at java.lang.Thread.run(Thread.java:745) [?:1.8.0_20]
[INFO ] 2015-01-03 12:52:32.020 [AWT-EventQueue-0] Server - Started the server
[INFO ] 2015-01-03 12:52:35.901 [AWT-EventQueue-0] Server - Closed the server
[ERROR] 2015-01-03 12:52:35.901 [Thread-4] Server - socket closed
java.net.SocketException: socket closed
	at java.net.DualStackPlainSocketImpl.accept0(Native Method) ~[?:1.8.0_20]
	at java.net.DualStackPlainSocketImpl.socketAccept(DualStackPlainSocketImpl.java:131) ~[?:1.8.0_20]
	at java.net.AbstractPlainSocketImpl.accept(AbstractPlainSocketImpl.java:404) ~[?:1.8.0_20]
	at java.net.PlainSocketImpl.accept(PlainSocketImpl.java:199) ~[?:1.8.0_20]
	at java.net.ServerSocket.implAccept(ServerSocket.java:545) ~[?:1.8.0_20]
	at java.net.ServerSocket.accept(ServerSocket.java:513) ~[?:1.8.0_20]
	at com.sirma.itt.javacourse.chatserver.server.Server.acceptClients(Server.java:103) [classes/:?]
	at com.sirma.itt.javacourse.chatserver.server.Server.run(Server.java:77) [classes/:?]
	at java.lang.Thread.run(Thread.java:745) [?:1.8.0_20]
[INFO ] 2015-01-03 12:55:40.488 [AWT-EventQueue-0] Server - Closed the server
[ERROR] 2015-01-03 12:55:40.488 [Thread-4] Server - socket closed
java.net.SocketException: socket closed
	at java.net.DualStackPlainSocketImpl.accept0(Native Method) ~[?:1.8.0_20]
	at java.net.DualStackPlainSocketImpl.socketAccept(DualStackPlainSocketImpl.java:131) ~[?:1.8.0_20]
	at java.net.AbstractPlainSocketImpl.accept(AbstractPlainSocketImpl.java:404) ~[?:1.8.0_20]
	at java.net.PlainSocketImpl.accept(PlainSocketImpl.java:199) ~[?:1.8.0_20]
	at java.net.ServerSocket.implAccept(ServerSocket.java:545) ~[?:1.8.0_20]
	at java.net.ServerSocket.accept(ServerSocket.java:513) ~[?:1.8.0_20]
	at com.sirma.itt.javacourse.chatserver.server.Server.acceptClients(Server.java:102) [classes/:?]
	at com.sirma.itt.javacourse.chatserver.server.Server.run(Server.java:76) [classes/:?]
	at java.lang.Thread.run(Thread.java:745) [?:1.8.0_20]
[INFO ] 2015-01-03 12:56:19.174 [AWT-EventQueue-0] Server - Closed the server
[ERROR] 2015-01-03 12:56:19.174 [Thread-4] Server - socket closed
java.net.SocketException: socket closed
	at java.net.DualStackPlainSocketImpl.accept0(Native Method) ~[?:1.8.0_20]
	at java.net.DualStackPlainSocketImpl.socketAccept(DualStackPlainSocketImpl.java:131) ~[?:1.8.0_20]
	at java.net.AbstractPlainSocketImpl.accept(AbstractPlainSocketImpl.java:404) ~[?:1.8.0_20]
	at java.net.PlainSocketImpl.accept(PlainSocketImpl.java:199) ~[?:1.8.0_20]
	at java.net.ServerSocket.implAccept(ServerSocket.java:545) ~[?:1.8.0_20]
	at java.net.ServerSocket.accept(ServerSocket.java:513) ~[?:1.8.0_20]
	at com.sirma.itt.javacourse.chatserver.server.Server.acceptClients(Server.java:102) [classes/:?]
	at com.sirma.itt.javacourse.chatserver.server.Server.run(Server.java:76) [classes/:?]
	at java.lang.Thread.run(Thread.java:745) [?:1.8.0_20]
[ERROR] 2015-01-03 12:56:25.168 [Thread-6] Server - socket closed
java.net.SocketException: socket closed
	at java.net.DualStackPlainSocketImpl.accept0(Native Method) ~[?:1.8.0_20]
	at java.net.DualStackPlainSocketImpl.socketAccept(DualStackPlainSocketImpl.java:131) ~[?:1.8.0_20]
	at java.net.AbstractPlainSocketImpl.accept(AbstractPlainSocketImpl.java:404) ~[?:1.8.0_20]
	at java.net.PlainSocketImpl.accept(PlainSocketImpl.java:199) ~[?:1.8.0_20]
	at java.net.ServerSocket.implAccept(ServerSocket.java:545) ~[?:1.8.0_20]
	at java.net.ServerSocket.accept(ServerSocket.java:513) ~[?:1.8.0_20]
	at com.sirma.itt.javacourse.chatserver.server.Server.acceptClients(Server.java:102) [classes/:?]
	at com.sirma.itt.javacourse.chatserver.server.Server.run(Server.java:76) [classes/:?]
	at java.lang.Thread.run(Thread.java:745) [?:1.8.0_20]
[INFO ] 2015-01-03 12:56:25.175 [AWT-EventQueue-0] Server - Closed the server
[INFO ] 2015-01-03 13:02:15.630 [AWT-EventQueue-0] Server - Closed the server
[ERROR] 2015-01-03 13:02:15.630 [Thread-4] Server - socket closed
java.net.SocketException: socket closed
	at java.net.DualStackPlainSocketImpl.accept0(Native Method) ~[?:1.8.0_20]
	at java.net.DualStackPlainSocketImpl.socketAccept(DualStackPlainSocketImpl.java:131) ~[?:1.8.0_20]
	at java.net.AbstractPlainSocketImpl.accept(AbstractPlainSocketImpl.java:404) ~[?:1.8.0_20]
	at java.net.PlainSocketImpl.accept(PlainSocketImpl.java:199) ~[?:1.8.0_20]
	at java.net.ServerSocket.implAccept(ServerSocket.java:545) ~[?:1.8.0_20]
	at java.net.ServerSocket.accept(ServerSocket.java:513) ~[?:1.8.0_20]
	at com.sirma.itt.javacourse.chatserver.server.Server.acceptClients(Server.java:102) [classes/:?]
	at com.sirma.itt.javacourse.chatserver.server.Server.run(Server.java:76) [classes/:?]
	at java.lang.Thread.run(Thread.java:745) [?:1.8.0_20]
[ERROR] 2015-01-03 13:02:24.106 [Thread-7] Server - socket closed
java.net.SocketException: socket closed
	at java.net.DualStackPlainSocketImpl.accept0(Native Method) ~[?:1.8.0_20]
	at java.net.DualStackPlainSocketImpl.socketAccept(DualStackPlainSocketImpl.java:131) ~[?:1.8.0_20]
	at java.net.AbstractPlainSocketImpl.accept(AbstractPlainSocketImpl.java:404) ~[?:1.8.0_20]
	at java.net.PlainSocketImpl.accept(PlainSocketImpl.java:199) ~[?:1.8.0_20]
	at java.net.ServerSocket.implAccept(ServerSocket.java:545) ~[?:1.8.0_20]
	at java.net.ServerSocket.accept(ServerSocket.java:513) ~[?:1.8.0_20]
	at com.sirma.itt.javacourse.chatserver.server.Server.acceptClients(Server.java:102) [classes/:?]
	at com.sirma.itt.javacourse.chatserver.server.Server.run(Server.java:76) [classes/:?]
	at java.lang.Thread.run(Thread.java:745) [?:1.8.0_20]
[INFO ] 2015-01-03 13:02:24.122 [AWT-EventQueue-0] Server - Closed the server
[INFO ] 2015-01-03 13:11:55.048 [AWT-EventQueue-0] Server - Closed the server
[ERROR] 2015-01-03 13:11:55.048 [Thread-4] Server - socket closed
java.net.SocketException: socket closed
	at java.net.DualStackPlainSocketImpl.accept0(Native Method) ~[?:1.8.0_20]
	at java.net.DualStackPlainSocketImpl.socketAccept(DualStackPlainSocketImpl.java:131) ~[?:1.8.0_20]
	at java.net.AbstractPlainSocketImpl.accept(AbstractPlainSocketImpl.java:404) ~[?:1.8.0_20]
	at java.net.PlainSocketImpl.accept(PlainSocketImpl.java:199) ~[?:1.8.0_20]
	at java.net.ServerSocket.implAccept(ServerSocket.java:545) ~[?:1.8.0_20]
	at java.net.ServerSocket.accept(ServerSocket.java:513) ~[?:1.8.0_20]
	at com.sirma.itt.javacourse.chatserver.server.Server.acceptClients(Server.java:102) [classes/:?]
	at com.sirma.itt.javacourse.chatserver.server.Server.run(Server.java:76) [classes/:?]
	at java.lang.Thread.run(Thread.java:745) [?:1.8.0_20]
[INFO ] 2015-01-03 13:11:57.946 [AWT-EventQueue-0] Server - Closed the server
[ERROR] 2015-01-03 13:11:57.946 [Thread-7] Server - socket closed
java.net.SocketException: socket closed
	at java.net.DualStackPlainSocketImpl.accept0(Native Method) ~[?:1.8.0_20]
	at java.net.DualStackPlainSocketImpl.socketAccept(DualStackPlainSocketImpl.java:131) ~[?:1.8.0_20]
	at java.net.AbstractPlainSocketImpl.accept(AbstractPlainSocketImpl.java:404) ~[?:1.8.0_20]
	at java.net.PlainSocketImpl.accept(PlainSocketImpl.java:199) ~[?:1.8.0_20]
	at java.net.ServerSocket.implAccept(ServerSocket.java:545) ~[?:1.8.0_20]
	at java.net.ServerSocket.accept(ServerSocket.java:513) ~[?:1.8.0_20]
	at com.sirma.itt.javacourse.chatserver.server.Server.acceptClients(Server.java:102) [classes/:?]
	at com.sirma.itt.javacourse.chatserver.server.Server.run(Server.java:76) [classes/:?]
	at java.lang.Thread.run(Thread.java:745) [?:1.8.0_20]
[INFO ] 2015-01-03 13:19:05.559 [AWT-EventQueue-0] Server - Closed the server
[ERROR] 2015-01-03 13:19:05.559 [Thread-4] Server - socket closed
java.net.SocketException: socket closed
	at java.net.DualStackPlainSocketImpl.accept0(Native Method) ~[?:1.8.0_20]
	at java.net.DualStackPlainSocketImpl.socketAccept(DualStackPlainSocketImpl.java:131) ~[?:1.8.0_20]
	at java.net.AbstractPlainSocketImpl.accept(AbstractPlainSocketImpl.java:404) ~[?:1.8.0_20]
	at java.net.PlainSocketImpl.accept(PlainSocketImpl.java:199) ~[?:1.8.0_20]
	at java.net.ServerSocket.implAccept(ServerSocket.java:545) ~[?:1.8.0_20]
	at java.net.ServerSocket.accept(ServerSocket.java:513) ~[?:1.8.0_20]
	at com.sirma.itt.javacourse.chatserver.server.Server.acceptClients(Server.java:102) [classes/:?]
	at com.sirma.itt.javacourse.chatserver.server.Server.run(Server.java:76) [classes/:?]
	at java.lang.Thread.run(Thread.java:745) [?:1.8.0_20]
[INFO ] 2015-01-03 13:19:07.621 [AWT-EventQueue-0] Server - Closed the server
[ERROR] 2015-01-03 13:19:07.621 [Thread-7] Server - socket closed
java.net.SocketException: socket closed
	at java.net.DualStackPlainSocketImpl.accept0(Native Method) ~[?:1.8.0_20]
	at java.net.DualStackPlainSocketImpl.socketAccept(DualStackPlainSocketImpl.java:131) ~[?:1.8.0_20]
	at java.net.AbstractPlainSocketImpl.accept(AbstractPlainSocketImpl.java:404) ~[?:1.8.0_20]
	at java.net.PlainSocketImpl.accept(PlainSocketImpl.java:199) ~[?:1.8.0_20]
	at java.net.ServerSocket.implAccept(ServerSocket.java:545) ~[?:1.8.0_20]
	at java.net.ServerSocket.accept(ServerSocket.java:513) ~[?:1.8.0_20]
	at com.sirma.itt.javacourse.chatserver.server.Server.acceptClients(Server.java:102) [classes/:?]
	at com.sirma.itt.javacourse.chatserver.server.Server.run(Server.java:76) [classes/:?]
	at java.lang.Thread.run(Thread.java:745) [?:1.8.0_20]
[INFO ] 2015-01-03 13:29:59.813 [AWT-EventQueue-0] Server - Closed the server
[ERROR] 2015-01-03 13:29:59.813 [Thread-4] Server - socket closed
java.net.SocketException: socket closed
	at java.net.DualStackPlainSocketImpl.accept0(Native Method) ~[?:1.8.0_20]
	at java.net.DualStackPlainSocketImpl.socketAccept(DualStackPlainSocketImpl.java:131) ~[?:1.8.0_20]
	at java.net.AbstractPlainSocketImpl.accept(AbstractPlainSocketImpl.java:404) ~[?:1.8.0_20]
	at java.net.PlainSocketImpl.accept(PlainSocketImpl.java:199) ~[?:1.8.0_20]
	at java.net.ServerSocket.implAccept(ServerSocket.java:545) ~[?:1.8.0_20]
	at java.net.ServerSocket.accept(ServerSocket.java:513) ~[?:1.8.0_20]
	at com.sirma.itt.javacourse.chatserver.server.Server.acceptClients(Server.java:102) [classes/:?]
	at com.sirma.itt.javacourse.chatserver.server.Server.run(Server.java:76) [classes/:?]
	at java.lang.Thread.run(Thread.java:745) [?:1.8.0_20]
[ERROR] 2015-01-03 13:30:35.093 [Thread-7] Server - socket closed
java.net.SocketException: socket closed
	at java.net.DualStackPlainSocketImpl.accept0(Native Method) ~[?:1.8.0_20]
	at java.net.DualStackPlainSocketImpl.socketAccept(DualStackPlainSocketImpl.java:131) ~[?:1.8.0_20]
	at java.net.AbstractPlainSocketImpl.accept(AbstractPlainSocketImpl.java:404) ~[?:1.8.0_20]
	at java.net.PlainSocketImpl.accept(PlainSocketImpl.java:199) ~[?:1.8.0_20]
	at java.net.ServerSocket.implAccept(ServerSocket.java:545) ~[?:1.8.0_20]
	at java.net.ServerSocket.accept(ServerSocket.java:513) ~[?:1.8.0_20]
	at com.sirma.itt.javacourse.chatserver.server.Server.acceptClients(Server.java:102) [classes/:?]
	at com.sirma.itt.javacourse.chatserver.server.Server.run(Server.java:76) [classes/:?]
	at java.lang.Thread.run(Thread.java:745) [?:1.8.0_20]
[INFO ] 2015-01-03 13:30:35.093 [AWT-EventQueue-0] Server - Closed the server
[INFO ] 2015-01-03 13:38:16.145 [AWT-EventQueue-0] Server - Closed the server
[ERROR] 2015-01-03 13:38:16.145 [Thread-4] Server - socket closed
java.net.SocketException: socket closed
	at java.net.DualStackPlainSocketImpl.accept0(Native Method) ~[?:1.8.0_20]
	at java.net.DualStackPlainSocketImpl.socketAccept(DualStackPlainSocketImpl.java:131) ~[?:1.8.0_20]
	at java.net.AbstractPlainSocketImpl.accept(AbstractPlainSocketImpl.java:404) ~[?:1.8.0_20]
	at java.net.PlainSocketImpl.accept(PlainSocketImpl.java:199) ~[?:1.8.0_20]
	at java.net.ServerSocket.implAccept(ServerSocket.java:545) ~[?:1.8.0_20]
	at java.net.ServerSocket.accept(ServerSocket.java:513) ~[?:1.8.0_20]
	at com.sirma.itt.javacourse.chatserver.server.Server.acceptClients(Server.java:102) [classes/:?]
	at com.sirma.itt.javacourse.chatserver.server.Server.run(Server.java:76) [classes/:?]
	at java.lang.Thread.run(Thread.java:745) [?:1.8.0_20]
[INFO ] 2015-01-03 13:39:51.571 [AWT-EventQueue-0] Server - Closed the server
[ERROR] 2015-01-03 13:39:51.571 [Thread-4] Server - socket closed
java.net.SocketException: socket closed
	at java.net.DualStackPlainSocketImpl.accept0(Native Method) ~[?:1.8.0_20]
	at java.net.DualStackPlainSocketImpl.socketAccept(DualStackPlainSocketImpl.java:131) ~[?:1.8.0_20]
	at java.net.AbstractPlainSocketImpl.accept(AbstractPlainSocketImpl.java:404) ~[?:1.8.0_20]
	at java.net.PlainSocketImpl.accept(PlainSocketImpl.java:199) ~[?:1.8.0_20]
	at java.net.ServerSocket.implAccept(ServerSocket.java:545) ~[?:1.8.0_20]
	at java.net.ServerSocket.accept(ServerSocket.java:513) ~[?:1.8.0_20]
	at com.sirma.itt.javacourse.chatserver.server.Server.acceptClients(Server.java:102) [classes/:?]
	at com.sirma.itt.javacourse.chatserver.server.Server.run(Server.java:76) [classes/:?]
	at java.lang.Thread.run(Thread.java:745) [?:1.8.0_20]
[ERROR] 2015-01-03 13:40:07.663 [Thread-8] Server - socket closed
java.net.SocketException: socket closed
	at java.net.DualStackPlainSocketImpl.accept0(Native Method) ~[?:1.8.0_20]
	at java.net.DualStackPlainSocketImpl.socketAccept(DualStackPlainSocketImpl.java:131) ~[?:1.8.0_20]
	at java.net.AbstractPlainSocketImpl.accept(AbstractPlainSocketImpl.java:404) ~[?:1.8.0_20]
	at java.net.PlainSocketImpl.accept(PlainSocketImpl.java:199) ~[?:1.8.0_20]
	at java.net.ServerSocket.implAccept(ServerSocket.java:545) ~[?:1.8.0_20]
	at java.net.ServerSocket.accept(ServerSocket.java:513) ~[?:1.8.0_20]
	at com.sirma.itt.javacourse.chatserver.server.Server.acceptClients(Server.java:102) [classes/:?]
	at com.sirma.itt.javacourse.chatserver.server.Server.run(Server.java:76) [classes/:?]
	at java.lang.Thread.run(Thread.java:745) [?:1.8.0_20]
[INFO ] 2015-01-03 13:40:07.679 [AWT-EventQueue-0] Server - Closed the server
[INFO ] 2015-01-03 13:42:53.050 [AWT-EventQueue-0] Server - Closed the server
[ERROR] 2015-01-03 13:42:53.050 [Thread-4] Server - socket closed
java.net.SocketException: socket closed
	at java.net.DualStackPlainSocketImpl.accept0(Native Method) ~[?:1.8.0_20]
	at java.net.DualStackPlainSocketImpl.socketAccept(DualStackPlainSocketImpl.java:131) ~[?:1.8.0_20]
	at java.net.AbstractPlainSocketImpl.accept(AbstractPlainSocketImpl.java:404) ~[?:1.8.0_20]
	at java.net.PlainSocketImpl.accept(PlainSocketImpl.java:199) ~[?:1.8.0_20]
	at java.net.ServerSocket.implAccept(ServerSocket.java:545) ~[?:1.8.0_20]
	at java.net.ServerSocket.accept(ServerSocket.java:513) ~[?:1.8.0_20]
	at com.sirma.itt.javacourse.chatserver.server.Server.acceptClients(Server.java:102) [classes/:?]
	at com.sirma.itt.javacourse.chatserver.server.Server.run(Server.java:76) [classes/:?]
	at java.lang.Thread.run(Thread.java:745) [?:1.8.0_20]
[INFO ] 2015-01-03 14:10:45.404 [AWT-EventQueue-0] Server - Closed the server
[ERROR] 2015-01-03 14:10:45.404 [Thread-4] Server - socket closed
java.net.SocketException: socket closed
	at java.net.DualStackPlainSocketImpl.accept0(Native Method) ~[?:1.8.0_20]
	at java.net.DualStackPlainSocketImpl.socketAccept(DualStackPlainSocketImpl.java:131) ~[?:1.8.0_20]
	at java.net.AbstractPlainSocketImpl.accept(AbstractPlainSocketImpl.java:404) ~[?:1.8.0_20]
	at java.net.PlainSocketImpl.accept(PlainSocketImpl.java:199) ~[?:1.8.0_20]
	at java.net.ServerSocket.implAccept(ServerSocket.java:545) ~[?:1.8.0_20]
	at java.net.ServerSocket.accept(ServerSocket.java:513) ~[?:1.8.0_20]
	at com.sirma.itt.javacourse.chatserver.server.Server.acceptClients(Server.java:102) [classes/:?]
	at com.sirma.itt.javacourse.chatserver.server.Server.run(Server.java:76) [classes/:?]
	at java.lang.Thread.run(Thread.java:745) [?:1.8.0_20]
[INFO ] 2015-01-03 14:11:02.833 [AWT-EventQueue-0] Server - Closed the server
[ERROR] 2015-01-03 14:11:02.833 [Thread-18] Server - socket closed
java.net.SocketException: socket closed
	at java.net.DualStackPlainSocketImpl.accept0(Native Method) ~[?:1.8.0_20]
	at java.net.DualStackPlainSocketImpl.socketAccept(DualStackPlainSocketImpl.java:131) ~[?:1.8.0_20]
	at java.net.AbstractPlainSocketImpl.accept(AbstractPlainSocketImpl.java:404) ~[?:1.8.0_20]
	at java.net.PlainSocketImpl.accept(PlainSocketImpl.java:199) ~[?:1.8.0_20]
	at java.net.ServerSocket.implAccept(ServerSocket.java:545) ~[?:1.8.0_20]
	at java.net.ServerSocket.accept(ServerSocket.java:513) ~[?:1.8.0_20]
	at com.sirma.itt.javacourse.chatserver.server.Server.acceptClients(Server.java:102) [classes/:?]
	at com.sirma.itt.javacourse.chatserver.server.Server.run(Server.java:76) [classes/:?]
	at java.lang.Thread.run(Thread.java:745) [?:1.8.0_20]
[INFO ] 2015-01-03 14:13:02.597 [AWT-EventQueue-0] Server - Closed the server
[ERROR] 2015-01-03 14:13:02.597 [Thread-4] Server - socket closed
java.net.SocketException: socket closed
	at java.net.DualStackPlainSocketImpl.accept0(Native Method) ~[?:1.8.0_20]
	at java.net.DualStackPlainSocketImpl.socketAccept(DualStackPlainSocketImpl.java:131) ~[?:1.8.0_20]
	at java.net.AbstractPlainSocketImpl.accept(AbstractPlainSocketImpl.java:404) ~[?:1.8.0_20]
	at java.net.PlainSocketImpl.accept(PlainSocketImpl.java:199) ~[?:1.8.0_20]
	at java.net.ServerSocket.implAccept(ServerSocket.java:545) ~[?:1.8.0_20]
	at java.net.ServerSocket.accept(ServerSocket.java:513) ~[?:1.8.0_20]
	at com.sirma.itt.javacourse.chatserver.server.Server.acceptClients(Server.java:102) [classes/:?]
	at com.sirma.itt.javacourse.chatserver.server.Server.run(Server.java:76) [classes/:?]
	at java.lang.Thread.run(Thread.java:745) [?:1.8.0_20]
[INFO ] 2015-01-03 14:26:40.235 [AWT-EventQueue-0] Server - Closed the server
[ERROR] 2015-01-03 14:26:40.235 [Thread-4] Server - socket closed
java.net.SocketException: socket closed
	at java.net.DualStackPlainSocketImpl.accept0(Native Method) ~[?:1.8.0_20]
	at java.net.DualStackPlainSocketImpl.socketAccept(DualStackPlainSocketImpl.java:131) ~[?:1.8.0_20]
	at java.net.AbstractPlainSocketImpl.accept(AbstractPlainSocketImpl.java:404) ~[?:1.8.0_20]
	at java.net.PlainSocketImpl.accept(PlainSocketImpl.java:199) ~[?:1.8.0_20]
	at java.net.ServerSocket.implAccept(ServerSocket.java:545) ~[?:1.8.0_20]
	at java.net.ServerSocket.accept(ServerSocket.java:513) ~[?:1.8.0_20]
	at com.sirma.itt.javacourse.chatserver.server.Server.acceptClients(Server.java:102) [classes/:?]
	at com.sirma.itt.javacourse.chatserver.server.Server.run(Server.java:76) [classes/:?]
	at java.lang.Thread.run(Thread.java:745) [?:1.8.0_20]
[ERROR] 2015-01-03 14:26:43.579 [Thread-6] Server - socket closed
java.net.SocketException: socket closed
	at java.net.DualStackPlainSocketImpl.accept0(Native Method) ~[?:1.8.0_20]
	at java.net.DualStackPlainSocketImpl.socketAccept(DualStackPlainSocketImpl.java:131) ~[?:1.8.0_20]
	at java.net.AbstractPlainSocketImpl.accept(AbstractPlainSocketImpl.java:404) ~[?:1.8.0_20]
	at java.net.PlainSocketImpl.accept(PlainSocketImpl.java:199) ~[?:1.8.0_20]
	at java.net.ServerSocket.implAccept(ServerSocket.java:545) ~[?:1.8.0_20]
	at java.net.ServerSocket.accept(ServerSocket.java:513) ~[?:1.8.0_20]
	at com.sirma.itt.javacourse.chatserver.server.Server.acceptClients(Server.java:102) [classes/:?]
	at com.sirma.itt.javacourse.chatserver.server.Server.run(Server.java:76) [classes/:?]
	at java.lang.Thread.run(Thread.java:745) [?:1.8.0_20]
[INFO ] 2015-01-03 14:26:43.582 [AWT-EventQueue-0] Server - Closed the server
[INFO ] 2015-01-03 15:10:14.597 [AWT-EventQueue-0] Server - Closed the server
[ERROR] 2015-01-03 15:10:14.597 [Thread-4] Server - socket closed
java.net.SocketException: socket closed
	at java.net.DualStackPlainSocketImpl.accept0(Native Method) ~[?:1.8.0_20]
	at java.net.DualStackPlainSocketImpl.socketAccept(DualStackPlainSocketImpl.java:131) ~[?:1.8.0_20]
	at java.net.AbstractPlainSocketImpl.accept(AbstractPlainSocketImpl.java:404) ~[?:1.8.0_20]
	at java.net.PlainSocketImpl.accept(PlainSocketImpl.java:199) ~[?:1.8.0_20]
	at java.net.ServerSocket.implAccept(ServerSocket.java:545) ~[?:1.8.0_20]
	at java.net.ServerSocket.accept(ServerSocket.java:513) ~[?:1.8.0_20]
	at com.sirma.itt.javacourse.chatserver.server.Server.acceptClients(Server.java:102) [classes/:?]
	at com.sirma.itt.javacourse.chatserver.server.Server.run(Server.java:76) [classes/:?]
	at java.lang.Thread.run(Thread.java:745) [?:1.8.0_20]
[INFO ] 2015-01-03 15:13:17.156 [AWT-EventQueue-0] Server - Closed the server
[ERROR] 2015-01-03 15:13:17.156 [Thread-4] Server - socket closed
java.net.SocketException: socket closed
	at java.net.DualStackPlainSocketImpl.accept0(Native Method) ~[?:1.8.0_20]
	at java.net.DualStackPlainSocketImpl.socketAccept(DualStackPlainSocketImpl.java:131) ~[?:1.8.0_20]
	at java.net.AbstractPlainSocketImpl.accept(AbstractPlainSocketImpl.java:404) ~[?:1.8.0_20]
	at java.net.PlainSocketImpl.accept(PlainSocketImpl.java:199) ~[?:1.8.0_20]
	at java.net.ServerSocket.implAccept(ServerSocket.java:545) ~[?:1.8.0_20]
	at java.net.ServerSocket.accept(ServerSocket.java:513) ~[?:1.8.0_20]
	at com.sirma.itt.javacourse.chatserver.server.Server.acceptClients(Server.java:102) [classes/:?]
	at com.sirma.itt.javacourse.chatserver.server.Server.run(Server.java:76) [classes/:?]
	at java.lang.Thread.run(Thread.java:745) [?:1.8.0_20]
[INFO ] 2015-01-03 19:20:47.677 [AWT-EventQueue-0] Server - Closed the server
[ERROR] 2015-01-03 19:20:47.677 [Thread-4] Server - socket closed
java.net.SocketException: socket closed
	at java.net.DualStackPlainSocketImpl.accept0(Native Method) ~[?:1.8.0_20]
	at java.net.DualStackPlainSocketImpl.socketAccept(DualStackPlainSocketImpl.java:131) ~[?:1.8.0_20]
	at java.net.AbstractPlainSocketImpl.accept(AbstractPlainSocketImpl.java:404) ~[?:1.8.0_20]
	at java.net.PlainSocketImpl.accept(PlainSocketImpl.java:199) ~[?:1.8.0_20]
	at java.net.ServerSocket.implAccept(ServerSocket.java:545) ~[?:1.8.0_20]
	at java.net.ServerSocket.accept(ServerSocket.java:513) ~[?:1.8.0_20]
	at com.sirma.itt.javacourse.chatserver.server.Server.acceptClients(Server.java:102) [classes/:?]
	at com.sirma.itt.javacourse.chatserver.server.Server.run(Server.java:76) [classes/:?]
	at java.lang.Thread.run(Thread.java:745) [?:1.8.0_20]
[INFO ] 2015-01-04 00:11:05.267 [AWT-EventQueue-0] Server - Closed the server
[ERROR] 2015-01-04 00:11:05.267 [Thread-4] Server - socket closed
java.net.SocketException: socket closed
	at java.net.DualStackPlainSocketImpl.accept0(Native Method) ~[?:1.8.0_20]
	at java.net.DualStackPlainSocketImpl.socketAccept(DualStackPlainSocketImpl.java:131) ~[?:1.8.0_20]
	at java.net.AbstractPlainSocketImpl.accept(AbstractPlainSocketImpl.java:404) ~[?:1.8.0_20]
	at java.net.PlainSocketImpl.accept(PlainSocketImpl.java:199) ~[?:1.8.0_20]
	at java.net.ServerSocket.implAccept(ServerSocket.java:545) ~[?:1.8.0_20]
	at java.net.ServerSocket.accept(ServerSocket.java:513) ~[?:1.8.0_20]
	at com.sirma.itt.javacourse.chatserver.server.Server.acceptClients(Server.java:102) [classes/:?]
	at com.sirma.itt.javacourse.chatserver.server.Server.run(Server.java:76) [classes/:?]
	at java.lang.Thread.run(Thread.java:745) [?:1.8.0_20]
[INFO ] 2015-01-04 00:11:39.785 [AWT-EventQueue-0] Server - Closed the server
[ERROR] 2015-01-04 00:11:39.785 [Thread-4] Server - socket closed
java.net.SocketException: socket closed
	at java.net.DualStackPlainSocketImpl.accept0(Native Method) ~[?:1.8.0_20]
	at java.net.DualStackPlainSocketImpl.socketAccept(DualStackPlainSocketImpl.java:131) ~[?:1.8.0_20]
	at java.net.AbstractPlainSocketImpl.accept(AbstractPlainSocketImpl.java:404) ~[?:1.8.0_20]
	at java.net.PlainSocketImpl.accept(PlainSocketImpl.java:199) ~[?:1.8.0_20]
	at java.net.ServerSocket.implAccept(ServerSocket.java:545) ~[?:1.8.0_20]
	at java.net.ServerSocket.accept(ServerSocket.java:513) ~[?:1.8.0_20]
	at com.sirma.itt.javacourse.chatserver.server.Server.acceptClients(Server.java:102) [classes/:?]
	at com.sirma.itt.javacourse.chatserver.server.Server.run(Server.java:76) [classes/:?]
	at java.lang.Thread.run(Thread.java:745) [?:1.8.0_20]
[INFO ] 2015-01-04 19:01:21.106 [AWT-EventQueue-0] Server - Closed the server
[ERROR] 2015-01-04 19:01:21.106 [Thread-4] Server - socket closed
java.net.SocketException: socket closed
	at java.net.DualStackPlainSocketImpl.accept0(Native Method) ~[?:1.8.0_20]
	at java.net.DualStackPlainSocketImpl.socketAccept(DualStackPlainSocketImpl.java:131) ~[?:1.8.0_20]
	at java.net.AbstractPlainSocketImpl.accept(AbstractPlainSocketImpl.java:404) ~[?:1.8.0_20]
	at java.net.PlainSocketImpl.accept(PlainSocketImpl.java:199) ~[?:1.8.0_20]
	at java.net.ServerSocket.implAccept(ServerSocket.java:545) ~[?:1.8.0_20]
	at java.net.ServerSocket.accept(ServerSocket.java:513) ~[?:1.8.0_20]
	at com.sirma.itt.javacourse.chatserver.server.Server.acceptClients(Server.java:102) [classes/:?]
	at com.sirma.itt.javacourse.chatserver.server.Server.run(Server.java:76) [classes/:?]
	at java.lang.Thread.run(Thread.java:745) [?:1.8.0_20]
[INFO ] 2015-01-04 19:04:16.244 [AWT-EventQueue-0] Server - Closed the server
[ERROR] 2015-01-04 19:04:16.244 [Thread-4] Server - socket closed
java.net.SocketException: socket closed
	at java.net.DualStackPlainSocketImpl.accept0(Native Method) ~[?:1.8.0_20]
	at java.net.DualStackPlainSocketImpl.socketAccept(DualStackPlainSocketImpl.java:131) ~[?:1.8.0_20]
	at java.net.AbstractPlainSocketImpl.accept(AbstractPlainSocketImpl.java:404) ~[?:1.8.0_20]
	at java.net.PlainSocketImpl.accept(PlainSocketImpl.java:199) ~[?:1.8.0_20]
	at java.net.ServerSocket.implAccept(ServerSocket.java:545) ~[?:1.8.0_20]
	at java.net.ServerSocket.accept(ServerSocket.java:513) ~[?:1.8.0_20]
	at com.sirma.itt.javacourse.chatserver.server.Server.acceptClients(Server.java:102) [classes/:?]
	at com.sirma.itt.javacourse.chatserver.server.Server.run(Server.java:76) [classes/:?]
	at java.lang.Thread.run(Thread.java:745) [?:1.8.0_20]
[INFO ] 2015-01-05 10:37:01.282 [AWT-EventQueue-0] Server - Closed the server
[ERROR] 2015-01-05 10:37:01.282 [Thread-4] Server - socket closed
java.net.SocketException: socket closed
	at java.net.TwoStacksPlainSocketImpl.socketAccept(Native Method) ~[?:1.7.0_60]
	at java.net.AbstractPlainSocketImpl.accept(AbstractPlainSocketImpl.java:398) ~[?:1.7.0_60]
	at java.net.PlainSocketImpl.accept(PlainSocketImpl.java:199) ~[?:1.7.0_60]
	at java.net.ServerSocket.implAccept(ServerSocket.java:530) ~[?:1.7.0_60]
	at java.net.ServerSocket.accept(ServerSocket.java:498) ~[?:1.7.0_60]
	at com.sirma.itt.javacourse.chatserver.server.Server.acceptClients(Server.java:102) [classes/:?]
	at com.sirma.itt.javacourse.chatserver.server.Server.run(Server.java:76) [classes/:?]
	at java.lang.Thread.run(Thread.java:745) [?:1.7.0_60]
[INFO ] 2015-01-05 10:40:45.532 [AWT-EventQueue-0] Server - Closed the server
[ERROR] 2015-01-05 10:40:45.532 [Thread-4] Server - socket closed
java.net.SocketException: socket closed
	at java.net.TwoStacksPlainSocketImpl.socketAccept(Native Method) ~[?:1.7.0_60]
	at java.net.AbstractPlainSocketImpl.accept(AbstractPlainSocketImpl.java:398) ~[?:1.7.0_60]
	at java.net.PlainSocketImpl.accept(PlainSocketImpl.java:199) ~[?:1.7.0_60]
	at java.net.ServerSocket.implAccept(ServerSocket.java:530) ~[?:1.7.0_60]
	at java.net.ServerSocket.accept(ServerSocket.java:498) ~[?:1.7.0_60]
	at com.sirma.itt.javacourse.chatserver.server.Server.acceptClients(Server.java:102) [classes/:?]
	at com.sirma.itt.javacourse.chatserver.server.Server.run(Server.java:76) [classes/:?]
	at java.lang.Thread.run(Thread.java:745) [?:1.7.0_60]
[INFO ] 2015-01-05 10:40:57.486 [AWT-EventQueue-0] Server - Closed the server
[ERROR] 2015-01-05 10:40:57.486 [Thread-7] Server - socket closed
java.net.SocketException: socket closed
	at java.net.TwoStacksPlainSocketImpl.socketAccept(Native Method) ~[?:1.7.0_60]
	at java.net.AbstractPlainSocketImpl.accept(AbstractPlainSocketImpl.java:398) ~[?:1.7.0_60]
	at java.net.PlainSocketImpl.accept(PlainSocketImpl.java:199) ~[?:1.7.0_60]
	at java.net.ServerSocket.implAccept(ServerSocket.java:530) ~[?:1.7.0_60]
	at java.net.ServerSocket.accept(ServerSocket.java:498) ~[?:1.7.0_60]
	at com.sirma.itt.javacourse.chatserver.server.Server.acceptClients(Server.java:102) [classes/:?]
	at com.sirma.itt.javacourse.chatserver.server.Server.run(Server.java:76) [classes/:?]
	at java.lang.Thread.run(Thread.java:745) [?:1.7.0_60]
[INFO ] 2015-01-05 13:36:32.548 [AWT-EventQueue-0] Server - Closed the server
[ERROR] 2015-01-05 13:36:32.548 [Thread-4] Server - socket closed
java.net.SocketException: socket closed
	at java.net.TwoStacksPlainSocketImpl.socketAccept(Native Method) ~[?:1.7.0_60]
	at java.net.AbstractPlainSocketImpl.accept(AbstractPlainSocketImpl.java:398) ~[?:1.7.0_60]
	at java.net.PlainSocketImpl.accept(PlainSocketImpl.java:199) ~[?:1.7.0_60]
	at java.net.ServerSocket.implAccept(ServerSocket.java:530) ~[?:1.7.0_60]
	at java.net.ServerSocket.accept(ServerSocket.java:498) ~[?:1.7.0_60]
	at com.sirma.itt.javacourse.chatserver.server.Server.acceptClients(Server.java:102) [classes/:?]
	at com.sirma.itt.javacourse.chatserver.server.Server.run(Server.java:76) [classes/:?]
	at java.lang.Thread.run(Thread.java:745) [?:1.7.0_60]
[ERROR] 2015-01-05 13:38:22.204 [Thread-10] Server - socket closed
java.net.SocketException: socket closed
	at java.net.TwoStacksPlainSocketImpl.socketAccept(Native Method) ~[?:1.7.0_60]
	at java.net.AbstractPlainSocketImpl.accept(AbstractPlainSocketImpl.java:398) ~[?:1.7.0_60]
	at java.net.PlainSocketImpl.accept(PlainSocketImpl.java:199) ~[?:1.7.0_60]
	at java.net.ServerSocket.implAccept(ServerSocket.java:530) ~[?:1.7.0_60]
	at java.net.ServerSocket.accept(ServerSocket.java:498) ~[?:1.7.0_60]
	at com.sirma.itt.javacourse.chatserver.server.Server.acceptClients(Server.java:102) [classes/:?]
	at com.sirma.itt.javacourse.chatserver.server.Server.run(Server.java:76) [classes/:?]
	at java.lang.Thread.run(Thread.java:745) [?:1.7.0_60]
[INFO ] 2015-01-05 13:38:22.204 [AWT-EventQueue-0] Server - Closed the server
[INFO ] 2015-01-05 13:41:00.407 [AWT-EventQueue-0] Server - Closed the server
[ERROR] 2015-01-05 13:41:00.407 [Thread-4] Server - socket closed
java.net.SocketException: socket closed
	at java.net.TwoStacksPlainSocketImpl.socketAccept(Native Method) ~[?:1.7.0_60]
	at java.net.AbstractPlainSocketImpl.accept(AbstractPlainSocketImpl.java:398) ~[?:1.7.0_60]
	at java.net.PlainSocketImpl.accept(PlainSocketImpl.java:199) ~[?:1.7.0_60]
	at java.net.ServerSocket.implAccept(ServerSocket.java:530) ~[?:1.7.0_60]
	at java.net.ServerSocket.accept(ServerSocket.java:498) ~[?:1.7.0_60]
	at com.sirma.itt.javacourse.chatserver.server.Server.acceptClients(Server.java:103) [classes/:?]
	at com.sirma.itt.javacourse.chatserver.server.Server.run(Server.java:77) [classes/:?]
	at java.lang.Thread.run(Thread.java:745) [?:1.7.0_60]
[INFO ] 2015-01-05 13:41:50.079 [AWT-EventQueue-0] Server - Closed the server
[ERROR] 2015-01-05 13:41:50.079 [Thread-4] Server - socket closed
java.net.SocketException: socket closed
	at java.net.TwoStacksPlainSocketImpl.socketAccept(Native Method) ~[?:1.7.0_60]
	at java.net.AbstractPlainSocketImpl.accept(AbstractPlainSocketImpl.java:398) ~[?:1.7.0_60]
	at java.net.PlainSocketImpl.accept(PlainSocketImpl.java:199) ~[?:1.7.0_60]
	at java.net.ServerSocket.implAccept(ServerSocket.java:530) ~[?:1.7.0_60]
	at java.net.ServerSocket.accept(ServerSocket.java:498) ~[?:1.7.0_60]
	at com.sirma.itt.javacourse.chatserver.server.Server.acceptClients(Server.java:103) [classes/:?]
	at com.sirma.itt.javacourse.chatserver.server.Server.run(Server.java:77) [classes/:?]
	at java.lang.Thread.run(Thread.java:745) [?:1.7.0_60]
[INFO ] 2015-01-05 13:45:12.986 [AWT-EventQueue-0] Server - Closed the server
[ERROR] 2015-01-05 13:45:12.986 [Thread-4] Server - socket closed
java.net.SocketException: socket closed
	at java.net.TwoStacksPlainSocketImpl.socketAccept(Native Method) ~[?:1.7.0_60]
	at java.net.AbstractPlainSocketImpl.accept(AbstractPlainSocketImpl.java:398) ~[?:1.7.0_60]
	at java.net.PlainSocketImpl.accept(PlainSocketImpl.java:199) ~[?:1.7.0_60]
	at java.net.ServerSocket.implAccept(ServerSocket.java:530) ~[?:1.7.0_60]
	at java.net.ServerSocket.accept(ServerSocket.java:498) ~[?:1.7.0_60]
	at com.sirma.itt.javacourse.chatserver.server.Server.acceptClients(Server.java:103) [classes/:?]
	at com.sirma.itt.javacourse.chatserver.server.Server.run(Server.java:77) [classes/:?]
	at java.lang.Thread.run(Thread.java:745) [?:1.7.0_60]
[INFO ] 2015-01-05 14:22:42.406 [AWT-EventQueue-0] Server - Closed the server
[ERROR] 2015-01-05 14:22:42.406 [Thread-4] Server - socket closed
java.net.SocketException: socket closed
	at java.net.TwoStacksPlainSocketImpl.socketAccept(Native Method) ~[?:1.7.0_60]
	at java.net.AbstractPlainSocketImpl.accept(AbstractPlainSocketImpl.java:398) ~[?:1.7.0_60]
	at java.net.PlainSocketImpl.accept(PlainSocketImpl.java:199) ~[?:1.7.0_60]
	at java.net.ServerSocket.implAccept(ServerSocket.java:530) ~[?:1.7.0_60]
	at java.net.ServerSocket.accept(ServerSocket.java:498) ~[?:1.7.0_60]
	at com.sirma.itt.javacourse.chatserver.server.Server.acceptClients(Server.java:104) [classes/:?]
	at com.sirma.itt.javacourse.chatserver.server.Server.run(Server.java:78) [classes/:?]
	at java.lang.Thread.run(Thread.java:745) [?:1.7.0_60]
[INFO ] 2015-01-05 14:29:04.296 [AWT-EventQueue-0] Server - Closed the server
[ERROR] 2015-01-05 14:29:04.296 [Thread-4] Server - socket closed
java.net.SocketException: socket closed
	at java.net.TwoStacksPlainSocketImpl.socketAccept(Native Method) ~[?:1.7.0_60]
	at java.net.AbstractPlainSocketImpl.accept(AbstractPlainSocketImpl.java:398) ~[?:1.7.0_60]
	at java.net.PlainSocketImpl.accept(PlainSocketImpl.java:199) ~[?:1.7.0_60]
	at java.net.ServerSocket.implAccept(ServerSocket.java:530) ~[?:1.7.0_60]
	at java.net.ServerSocket.accept(ServerSocket.java:498) ~[?:1.7.0_60]
	at com.sirma.itt.javacourse.chatserver.server.Server.acceptClients(Server.java:104) [classes/:?]
	at com.sirma.itt.javacourse.chatserver.server.Server.run(Server.java:78) [classes/:?]
	at java.lang.Thread.run(Thread.java:745) [?:1.7.0_60]
[ERROR] 2015-01-05 14:29:10.515 [Thread-6] Server - socket closed
java.net.SocketException: socket closed
	at java.net.TwoStacksPlainSocketImpl.socketAccept(Native Method) ~[?:1.7.0_60]
	at java.net.AbstractPlainSocketImpl.accept(AbstractPlainSocketImpl.java:398) ~[?:1.7.0_60]
	at java.net.PlainSocketImpl.accept(PlainSocketImpl.java:199) ~[?:1.7.0_60]
	at java.net.ServerSocket.implAccept(ServerSocket.java:530) ~[?:1.7.0_60]
	at java.net.ServerSocket.accept(ServerSocket.java:498) ~[?:1.7.0_60]
	at com.sirma.itt.javacourse.chatserver.server.Server.acceptClients(Server.java:104) [classes/:?]
	at com.sirma.itt.javacourse.chatserver.server.Server.run(Server.java:78) [classes/:?]
	at java.lang.Thread.run(Thread.java:745) [?:1.7.0_60]
[INFO ] 2015-01-05 14:29:10.515 [AWT-EventQueue-0] Server - Closed the server
[INFO ] 2015-01-05 14:30:07.796 [AWT-EventQueue-0] Server - Closed the server
[ERROR] 2015-01-05 14:30:07.796 [Thread-4] Server - socket closed
java.net.SocketException: socket closed
	at java.net.TwoStacksPlainSocketImpl.socketAccept(Native Method) ~[?:1.7.0_60]
	at java.net.AbstractPlainSocketImpl.accept(AbstractPlainSocketImpl.java:398) ~[?:1.7.0_60]
	at java.net.PlainSocketImpl.accept(PlainSocketImpl.java:199) ~[?:1.7.0_60]
	at java.net.ServerSocket.implAccept(ServerSocket.java:530) ~[?:1.7.0_60]
	at java.net.ServerSocket.accept(ServerSocket.java:498) ~[?:1.7.0_60]
	at com.sirma.itt.javacourse.chatserver.server.Server.acceptClients(Server.java:104) [classes/:?]
	at com.sirma.itt.javacourse.chatserver.server.Server.run(Server.java:78) [classes/:?]
	at java.lang.Thread.run(Thread.java:745) [?:1.7.0_60]
[INFO ] 2015-01-05 14:32:40.218 [AWT-EventQueue-0] Server - Closed the server
[ERROR] 2015-01-05 14:32:40.218 [Thread-4] Server - socket closed
java.net.SocketException: socket closed
	at java.net.TwoStacksPlainSocketImpl.socketAccept(Native Method) ~[?:1.7.0_60]
	at java.net.AbstractPlainSocketImpl.accept(AbstractPlainSocketImpl.java:398) ~[?:1.7.0_60]
	at java.net.PlainSocketImpl.accept(PlainSocketImpl.java:199) ~[?:1.7.0_60]
	at java.net.ServerSocket.implAccept(ServerSocket.java:530) ~[?:1.7.0_60]
	at java.net.ServerSocket.accept(ServerSocket.java:498) ~[?:1.7.0_60]
	at com.sirma.itt.javacourse.chatserver.server.Server.acceptClients(Server.java:104) [classes/:?]
	at com.sirma.itt.javacourse.chatserver.server.Server.run(Server.java:78) [classes/:?]
	at java.lang.Thread.run(Thread.java:745) [?:1.7.0_60]
[INFO ] 2015-01-05 14:41:55.765 [AWT-EventQueue-0] Server - Closed the server
[ERROR] 2015-01-05 14:41:55.765 [Thread-4] Server - socket closed
java.net.SocketException: socket closed
	at java.net.TwoStacksPlainSocketImpl.socketAccept(Native Method) ~[?:1.7.0_60]
	at java.net.AbstractPlainSocketImpl.accept(AbstractPlainSocketImpl.java:398) ~[?:1.7.0_60]
	at java.net.PlainSocketImpl.accept(PlainSocketImpl.java:199) ~[?:1.7.0_60]
	at java.net.ServerSocket.implAccept(ServerSocket.java:530) ~[?:1.7.0_60]
	at java.net.ServerSocket.accept(ServerSocket.java:498) ~[?:1.7.0_60]
	at com.sirma.itt.javacourse.chatserver.server.Server.acceptClients(Server.java:104) [classes/:?]
	at com.sirma.itt.javacourse.chatserver.server.Server.run(Server.java:78) [classes/:?]
	at java.lang.Thread.run(Thread.java:745) [?:1.7.0_60]
[ERROR] 2015-01-05 14:44:11.656 [Thread-7] Server - socket closed
java.net.SocketException: socket closed
	at java.net.TwoStacksPlainSocketImpl.socketAccept(Native Method) ~[?:1.7.0_60]
	at java.net.AbstractPlainSocketImpl.accept(AbstractPlainSocketImpl.java:398) ~[?:1.7.0_60]
	at java.net.PlainSocketImpl.accept(PlainSocketImpl.java:199) ~[?:1.7.0_60]
	at java.net.ServerSocket.implAccept(ServerSocket.java:530) ~[?:1.7.0_60]
	at java.net.ServerSocket.accept(ServerSocket.java:498) ~[?:1.7.0_60]
	at com.sirma.itt.javacourse.chatserver.server.Server.acceptClients(Server.java:104) [classes/:?]
	at com.sirma.itt.javacourse.chatserver.server.Server.run(Server.java:78) [classes/:?]
	at java.lang.Thread.run(Thread.java:745) [?:1.7.0_60]
[INFO ] 2015-01-05 14:44:11.656 [AWT-EventQueue-0] Server - Closed the server
[INFO ] 2015-01-05 15:09:14.171 [AWT-EventQueue-0] Server - Closed the server
[ERROR] 2015-01-05 15:09:14.171 [Thread-4] Server - socket closed
java.net.SocketException: socket closed
	at java.net.TwoStacksPlainSocketImpl.socketAccept(Native Method) ~[?:1.7.0_60]
	at java.net.AbstractPlainSocketImpl.accept(AbstractPlainSocketImpl.java:398) ~[?:1.7.0_60]
	at java.net.PlainSocketImpl.accept(PlainSocketImpl.java:199) ~[?:1.7.0_60]
	at java.net.ServerSocket.implAccept(ServerSocket.java:530) ~[?:1.7.0_60]
	at java.net.ServerSocket.accept(ServerSocket.java:498) ~[?:1.7.0_60]
	at com.sirma.itt.javacourse.chatserver.server.Server.acceptClients(Server.java:104) [classes/:?]
	at com.sirma.itt.javacourse.chatserver.server.Server.run(Server.java:78) [classes/:?]
	at java.lang.Thread.run(Thread.java:745) [?:1.7.0_60]
[INFO ] 2015-01-05 15:11:41.203 [AWT-EventQueue-0] Server - Closed the server
[ERROR] 2015-01-05 15:11:41.203 [Thread-4] Server - socket closed
java.net.SocketException: socket closed
	at java.net.TwoStacksPlainSocketImpl.socketAccept(Native Method) ~[?:1.7.0_60]
	at java.net.AbstractPlainSocketImpl.accept(AbstractPlainSocketImpl.java:398) ~[?:1.7.0_60]
	at java.net.PlainSocketImpl.accept(PlainSocketImpl.java:199) ~[?:1.7.0_60]
	at java.net.ServerSocket.implAccept(ServerSocket.java:530) ~[?:1.7.0_60]
	at java.net.ServerSocket.accept(ServerSocket.java:498) ~[?:1.7.0_60]
	at com.sirma.itt.javacourse.chatserver.server.Server.acceptClients(Server.java:104) [classes/:?]
	at com.sirma.itt.javacourse.chatserver.server.Server.run(Server.java:78) [classes/:?]
	at java.lang.Thread.run(Thread.java:745) [?:1.7.0_60]
[INFO ] 2015-01-05 15:20:50.093 [AWT-EventQueue-0] Server - Closed the server
[ERROR] 2015-01-05 15:20:50.093 [Thread-4] Server - socket closed
java.net.SocketException: socket closed
	at java.net.TwoStacksPlainSocketImpl.socketAccept(Native Method) ~[?:1.7.0_60]
	at java.net.AbstractPlainSocketImpl.accept(AbstractPlainSocketImpl.java:398) ~[?:1.7.0_60]
	at java.net.PlainSocketImpl.accept(PlainSocketImpl.java:199) ~[?:1.7.0_60]
	at java.net.ServerSocket.implAccept(ServerSocket.java:530) ~[?:1.7.0_60]
	at java.net.ServerSocket.accept(ServerSocket.java:498) ~[?:1.7.0_60]
	at com.sirma.itt.javacourse.chatserver.server.Server.acceptClients(Server.java:104) [classes/:?]
	at com.sirma.itt.javacourse.chatserver.server.Server.run(Server.java:78) [classes/:?]
	at java.lang.Thread.run(Thread.java:745) [?:1.7.0_60]
[INFO ] 2015-01-05 15:22:32.140 [AWT-EventQueue-0] Server - Closed the server
[ERROR] 2015-01-05 15:22:32.140 [Thread-4] Server - socket closed
java.net.SocketException: socket closed
	at java.net.TwoStacksPlainSocketImpl.socketAccept(Native Method) ~[?:1.7.0_60]
	at java.net.AbstractPlainSocketImpl.accept(AbstractPlainSocketImpl.java:398) ~[?:1.7.0_60]
	at java.net.PlainSocketImpl.accept(PlainSocketImpl.java:199) ~[?:1.7.0_60]
	at java.net.ServerSocket.implAccept(ServerSocket.java:530) ~[?:1.7.0_60]
	at java.net.ServerSocket.accept(ServerSocket.java:498) ~[?:1.7.0_60]
	at com.sirma.itt.javacourse.chatserver.server.Server.acceptClients(Server.java:104) [classes/:?]
	at com.sirma.itt.javacourse.chatserver.server.Server.run(Server.java:78) [classes/:?]
	at java.lang.Thread.run(Thread.java:745) [?:1.7.0_60]
[INFO ] 2015-01-05 15:29:47.156 [AWT-EventQueue-0] Server - Closed the server
[ERROR] 2015-01-05 15:29:47.156 [Thread-4] Server - socket closed
java.net.SocketException: socket closed
	at java.net.TwoStacksPlainSocketImpl.socketAccept(Native Method) ~[?:1.7.0_60]
	at java.net.AbstractPlainSocketImpl.accept(AbstractPlainSocketImpl.java:398) ~[?:1.7.0_60]
	at java.net.PlainSocketImpl.accept(PlainSocketImpl.java:199) ~[?:1.7.0_60]
	at java.net.ServerSocket.implAccept(ServerSocket.java:530) ~[?:1.7.0_60]
	at java.net.ServerSocket.accept(ServerSocket.java:498) ~[?:1.7.0_60]
	at com.sirma.itt.javacourse.chatserver.server.Server.acceptClients(Server.java:104) [classes/:?]
	at com.sirma.itt.javacourse.chatserver.server.Server.run(Server.java:78) [classes/:?]
	at java.lang.Thread.run(Thread.java:745) [?:1.7.0_60]
[INFO ] 2015-01-05 15:43:45.796 [AWT-EventQueue-0] Server - Closed the server
[ERROR] 2015-01-05 15:43:45.796 [Thread-4] Server - socket closed
java.net.SocketException: socket closed
	at java.net.TwoStacksPlainSocketImpl.socketAccept(Native Method) ~[?:1.7.0_60]
	at java.net.AbstractPlainSocketImpl.accept(AbstractPlainSocketImpl.java:398) ~[?:1.7.0_60]
	at java.net.PlainSocketImpl.accept(PlainSocketImpl.java:199) ~[?:1.7.0_60]
	at java.net.ServerSocket.implAccept(ServerSocket.java:530) ~[?:1.7.0_60]
	at java.net.ServerSocket.accept(ServerSocket.java:498) ~[?:1.7.0_60]
	at com.sirma.itt.javacourse.chatserver.server.Server.acceptClients(Server.java:104) [classes/:?]
	at com.sirma.itt.javacourse.chatserver.server.Server.run(Server.java:78) [classes/:?]
	at java.lang.Thread.run(Thread.java:745) [?:1.7.0_60]
[INFO ] 2015-01-05 16:02:38.812 [AWT-EventQueue-0] Server - Closed the server
[ERROR] 2015-01-05 16:02:38.812 [Thread-4] Server - socket closed
java.net.SocketException: socket closed
	at java.net.TwoStacksPlainSocketImpl.socketAccept(Native Method) ~[?:1.7.0_60]
	at java.net.AbstractPlainSocketImpl.accept(AbstractPlainSocketImpl.java:398) ~[?:1.7.0_60]
	at java.net.PlainSocketImpl.accept(PlainSocketImpl.java:199) ~[?:1.7.0_60]
	at java.net.ServerSocket.implAccept(ServerSocket.java:530) ~[?:1.7.0_60]
	at java.net.ServerSocket.accept(ServerSocket.java:498) ~[?:1.7.0_60]
	at com.sirma.itt.javacourse.chatserver.server.Server.acceptClients(Server.java:104) [classes/:?]
	at com.sirma.itt.javacourse.chatserver.server.Server.run(Server.java:78) [classes/:?]
	at java.lang.Thread.run(Thread.java:745) [?:1.7.0_60]
[INFO ] 2015-01-05 16:08:24.765 [AWT-EventQueue-0] Server - Closed the server
[ERROR] 2015-01-05 16:08:24.750 [Thread-4] Server - socket closed
java.net.SocketException: socket closed
	at java.net.TwoStacksPlainSocketImpl.socketAccept(Native Method) ~[?:1.7.0_60]
	at java.net.AbstractPlainSocketImpl.accept(AbstractPlainSocketImpl.java:398) ~[?:1.7.0_60]
	at java.net.PlainSocketImpl.accept(PlainSocketImpl.java:199) ~[?:1.7.0_60]
	at java.net.ServerSocket.implAccept(ServerSocket.java:530) ~[?:1.7.0_60]
	at java.net.ServerSocket.accept(ServerSocket.java:498) ~[?:1.7.0_60]
	at com.sirma.itt.javacourse.chatserver.server.Server.acceptClients(Server.java:104) [classes/:?]
	at com.sirma.itt.javacourse.chatserver.server.Server.run(Server.java:78) [classes/:?]
	at java.lang.Thread.run(Thread.java:745) [?:1.7.0_60]
[INFO ] 2015-01-05 16:29:21.640 [AWT-EventQueue-0] Server - Closed the server
[ERROR] 2015-01-05 16:29:21.640 [Thread-4] Server - socket closed
java.net.SocketException: socket closed
	at java.net.TwoStacksPlainSocketImpl.socketAccept(Native Method) ~[?:1.7.0_60]
	at java.net.AbstractPlainSocketImpl.accept(AbstractPlainSocketImpl.java:398) ~[?:1.7.0_60]
	at java.net.PlainSocketImpl.accept(PlainSocketImpl.java:199) ~[?:1.7.0_60]
	at java.net.ServerSocket.implAccept(ServerSocket.java:530) ~[?:1.7.0_60]
	at java.net.ServerSocket.accept(ServerSocket.java:498) ~[?:1.7.0_60]
	at com.sirma.itt.javacourse.chatserver.server.Server.acceptClients(Server.java:104) [classes/:?]
	at com.sirma.itt.javacourse.chatserver.server.Server.run(Server.java:78) [classes/:?]
	at java.lang.Thread.run(Thread.java:745) [?:1.7.0_60]
[INFO ] 2015-01-05 16:29:26.671 [AWT-EventQueue-0] Server - Closed the server
[ERROR] 2015-01-05 16:29:26.671 [Thread-8] Server - socket closed
java.net.SocketException: socket closed
	at java.net.TwoStacksPlainSocketImpl.socketAccept(Native Method) ~[?:1.7.0_60]
	at java.net.AbstractPlainSocketImpl.accept(AbstractPlainSocketImpl.java:398) ~[?:1.7.0_60]
	at java.net.PlainSocketImpl.accept(PlainSocketImpl.java:199) ~[?:1.7.0_60]
	at java.net.ServerSocket.implAccept(ServerSocket.java:530) ~[?:1.7.0_60]
	at java.net.ServerSocket.accept(ServerSocket.java:498) ~[?:1.7.0_60]
	at com.sirma.itt.javacourse.chatserver.server.Server.acceptClients(Server.java:104) [classes/:?]
	at com.sirma.itt.javacourse.chatserver.server.Server.run(Server.java:78) [classes/:?]
	at java.lang.Thread.run(Thread.java:745) [?:1.7.0_60]
[INFO ] 2015-01-05 16:31:12.609 [AWT-EventQueue-0] Server - Closed the server
[ERROR] 2015-01-05 16:31:12.609 [Thread-4] Server - socket closed
java.net.SocketException: socket closed
	at java.net.TwoStacksPlainSocketImpl.socketAccept(Native Method) ~[?:1.7.0_60]
	at java.net.AbstractPlainSocketImpl.accept(AbstractPlainSocketImpl.java:398) ~[?:1.7.0_60]
	at java.net.PlainSocketImpl.accept(PlainSocketImpl.java:199) ~[?:1.7.0_60]
	at java.net.ServerSocket.implAccept(ServerSocket.java:530) ~[?:1.7.0_60]
	at java.net.ServerSocket.accept(ServerSocket.java:498) ~[?:1.7.0_60]
	at com.sirma.itt.javacourse.chatserver.server.Server.acceptClients(Server.java:104) [classes/:?]
	at com.sirma.itt.javacourse.chatserver.server.Server.run(Server.java:78) [classes/:?]
	at java.lang.Thread.run(Thread.java:745) [?:1.7.0_60]
[INFO ] 2015-01-05 16:32:08.453 [AWT-EventQueue-0] Server - Closed the server
[ERROR] 2015-01-05 16:32:08.453 [Thread-4] Server - socket closed
java.net.SocketException: socket closed
	at java.net.TwoStacksPlainSocketImpl.socketAccept(Native Method) ~[?:1.7.0_60]
	at java.net.AbstractPlainSocketImpl.accept(AbstractPlainSocketImpl.java:398) ~[?:1.7.0_60]
	at java.net.PlainSocketImpl.accept(PlainSocketImpl.java:199) ~[?:1.7.0_60]
	at java.net.ServerSocket.implAccept(ServerSocket.java:530) ~[?:1.7.0_60]
	at java.net.ServerSocket.accept(ServerSocket.java:498) ~[?:1.7.0_60]
	at com.sirma.itt.javacourse.chatserver.server.Server.acceptClients(Server.java:104) [classes/:?]
	at com.sirma.itt.javacourse.chatserver.server.Server.run(Server.java:78) [classes/:?]
	at java.lang.Thread.run(Thread.java:745) [?:1.7.0_60]
[INFO ] 2015-01-05 16:39:23.218 [AWT-EventQueue-0] Server - Closed the server
[ERROR] 2015-01-05 16:39:23.218 [Thread-4] Server - socket closed
java.net.SocketException: socket closed
	at java.net.TwoStacksPlainSocketImpl.socketAccept(Native Method) ~[?:1.7.0_60]
	at java.net.AbstractPlainSocketImpl.accept(AbstractPlainSocketImpl.java:398) ~[?:1.7.0_60]
	at java.net.PlainSocketImpl.accept(PlainSocketImpl.java:199) ~[?:1.7.0_60]
	at java.net.ServerSocket.implAccept(ServerSocket.java:530) ~[?:1.7.0_60]
	at java.net.ServerSocket.accept(ServerSocket.java:498) ~[?:1.7.0_60]
	at com.sirma.itt.javacourse.chatserver.server.Server.acceptClients(Server.java:104) [classes/:?]
	at com.sirma.itt.javacourse.chatserver.server.Server.run(Server.java:78) [classes/:?]
	at java.lang.Thread.run(Thread.java:745) [?:1.7.0_60]
[INFO ] 2015-01-05 16:41:53.609 [AWT-EventQueue-0] Server - Closed the server
[ERROR] 2015-01-05 16:41:53.609 [Thread-4] Server - socket closed
java.net.SocketException: socket closed
	at java.net.TwoStacksPlainSocketImpl.socketAccept(Native Method) ~[?:1.7.0_60]
	at java.net.AbstractPlainSocketImpl.accept(AbstractPlainSocketImpl.java:398) ~[?:1.7.0_60]
	at java.net.PlainSocketImpl.accept(PlainSocketImpl.java:199) ~[?:1.7.0_60]
	at java.net.ServerSocket.implAccept(ServerSocket.java:530) ~[?:1.7.0_60]
	at java.net.ServerSocket.accept(ServerSocket.java:498) ~[?:1.7.0_60]
	at com.sirma.itt.javacourse.chatserver.server.Server.acceptClients(Server.java:104) [classes/:?]
	at com.sirma.itt.javacourse.chatserver.server.Server.run(Server.java:78) [classes/:?]
	at java.lang.Thread.run(Thread.java:745) [?:1.7.0_60]
[INFO ] 2015-01-05 17:58:30.781 [AWT-EventQueue-0] Server - Closed the server
[ERROR] 2015-01-05 17:58:30.781 [Thread-4] Server - socket closed
java.net.SocketException: socket closed
	at java.net.TwoStacksPlainSocketImpl.socketAccept(Native Method) ~[?:1.7.0_60]
	at java.net.AbstractPlainSocketImpl.accept(AbstractPlainSocketImpl.java:398) ~[?:1.7.0_60]
	at java.net.PlainSocketImpl.accept(PlainSocketImpl.java:199) ~[?:1.7.0_60]
	at java.net.ServerSocket.implAccept(ServerSocket.java:530) ~[?:1.7.0_60]
	at java.net.ServerSocket.accept(ServerSocket.java:498) ~[?:1.7.0_60]
	at com.sirma.itt.javacourse.chatserver.server.Server.acceptClients(Server.java:104) [classes/:?]
	at com.sirma.itt.javacourse.chatserver.server.Server.run(Server.java:78) [classes/:?]
	at java.lang.Thread.run(Thread.java:745) [?:1.7.0_60]
[INFO ] 2015-01-05 18:21:46.156 [AWT-EventQueue-0] Server - Closed the server
[ERROR] 2015-01-05 18:21:46.156 [Thread-4] Server - socket closed
java.net.SocketException: socket closed
	at java.net.TwoStacksPlainSocketImpl.socketAccept(Native Method) ~[?:1.7.0_60]
	at java.net.AbstractPlainSocketImpl.accept(AbstractPlainSocketImpl.java:398) ~[?:1.7.0_60]
	at java.net.PlainSocketImpl.accept(PlainSocketImpl.java:199) ~[?:1.7.0_60]
	at java.net.ServerSocket.implAccept(ServerSocket.java:530) ~[?:1.7.0_60]
	at java.net.ServerSocket.accept(ServerSocket.java:498) ~[?:1.7.0_60]
	at com.sirma.itt.javacourse.chatserver.server.Server.acceptClients(Server.java:104) [classes/:?]
	at com.sirma.itt.javacourse.chatserver.server.Server.run(Server.java:78) [classes/:?]
	at java.lang.Thread.run(Thread.java:745) [?:1.7.0_60]
[ERROR] 2015-01-05 18:22:14.234 [Thread-6] Server - socket closed
java.net.SocketException: socket closed
	at java.net.TwoStacksPlainSocketImpl.socketAccept(Native Method) ~[?:1.7.0_60]
	at java.net.AbstractPlainSocketImpl.accept(AbstractPlainSocketImpl.java:398) ~[?:1.7.0_60]
	at java.net.PlainSocketImpl.accept(PlainSocketImpl.java:199) ~[?:1.7.0_60]
	at java.net.ServerSocket.implAccept(ServerSocket.java:530) ~[?:1.7.0_60]
	at java.net.ServerSocket.accept(ServerSocket.java:498) ~[?:1.7.0_60]
	at com.sirma.itt.javacourse.chatserver.server.Server.acceptClients(Server.java:104) [classes/:?]
	at com.sirma.itt.javacourse.chatserver.server.Server.run(Server.java:78) [classes/:?]
	at java.lang.Thread.run(Thread.java:745) [?:1.7.0_60]
[INFO ] 2015-01-05 18:22:14.234 [AWT-EventQueue-0] Server - Closed the server
[INFO ] 2015-01-05 18:26:18.640 [AWT-EventQueue-0] Server - Closed the server
[ERROR] 2015-01-05 18:26:18.640 [Thread-4] Server - socket closed
java.net.SocketException: socket closed
	at java.net.TwoStacksPlainSocketImpl.socketAccept(Native Method) ~[?:1.7.0_60]
	at java.net.AbstractPlainSocketImpl.accept(AbstractPlainSocketImpl.java:398) ~[?:1.7.0_60]
	at java.net.PlainSocketImpl.accept(PlainSocketImpl.java:199) ~[?:1.7.0_60]
	at java.net.ServerSocket.implAccept(ServerSocket.java:530) ~[?:1.7.0_60]
	at java.net.ServerSocket.accept(ServerSocket.java:498) ~[?:1.7.0_60]
	at com.sirma.itt.javacourse.chatserver.server.Server.acceptClients(Server.java:104) [classes/:?]
	at com.sirma.itt.javacourse.chatserver.server.Server.run(Server.java:78) [classes/:?]
	at java.lang.Thread.run(Thread.java:745) [?:1.7.0_60]
[INFO ] 2015-01-05 21:58:26.119 [AWT-EventQueue-0] Server - Closed the server
[ERROR] 2015-01-05 21:58:26.119 [Thread-4] Server - socket closed
java.net.SocketException: socket closed
	at java.net.DualStackPlainSocketImpl.accept0(Native Method) ~[?:1.8.0_20]
	at java.net.DualStackPlainSocketImpl.socketAccept(DualStackPlainSocketImpl.java:131) ~[?:1.8.0_20]
	at java.net.AbstractPlainSocketImpl.accept(AbstractPlainSocketImpl.java:404) ~[?:1.8.0_20]
	at java.net.PlainSocketImpl.accept(PlainSocketImpl.java:199) ~[?:1.8.0_20]
	at java.net.ServerSocket.implAccept(ServerSocket.java:545) ~[?:1.8.0_20]
	at java.net.ServerSocket.accept(ServerSocket.java:513) ~[?:1.8.0_20]
	at com.sirma.itt.javacourse.chatserver.server.Server.acceptClients(Server.java:104) [classes/:?]
	at com.sirma.itt.javacourse.chatserver.server.Server.run(Server.java:78) [classes/:?]
	at java.lang.Thread.run(Thread.java:745) [?:1.8.0_20]
[INFO ] 2015-01-05 21:59:04.973 [AWT-EventQueue-0] Server - Closed the server
[ERROR] 2015-01-05 21:59:04.973 [Thread-4] Server - socket closed
java.net.SocketException: socket closed
	at java.net.DualStackPlainSocketImpl.accept0(Native Method) ~[?:1.8.0_20]
	at java.net.DualStackPlainSocketImpl.socketAccept(DualStackPlainSocketImpl.java:131) ~[?:1.8.0_20]
	at java.net.AbstractPlainSocketImpl.accept(AbstractPlainSocketImpl.java:404) ~[?:1.8.0_20]
	at java.net.PlainSocketImpl.accept(PlainSocketImpl.java:199) ~[?:1.8.0_20]
	at java.net.ServerSocket.implAccept(ServerSocket.java:545) ~[?:1.8.0_20]
	at java.net.ServerSocket.accept(ServerSocket.java:513) ~[?:1.8.0_20]
	at com.sirma.itt.javacourse.chatserver.server.Server.acceptClients(Server.java:104) [classes/:?]
	at com.sirma.itt.javacourse.chatserver.server.Server.run(Server.java:78) [classes/:?]
	at java.lang.Thread.run(Thread.java:745) [?:1.8.0_20]
[INFO ] 2015-01-05 22:00:03.700 [AWT-EventQueue-0] Server - Closed the server
[ERROR] 2015-01-05 22:00:03.700 [Thread-4] Server - socket closed
java.net.SocketException: socket closed
	at java.net.DualStackPlainSocketImpl.accept0(Native Method) ~[?:1.8.0_20]
	at java.net.DualStackPlainSocketImpl.socketAccept(DualStackPlainSocketImpl.java:131) ~[?:1.8.0_20]
	at java.net.AbstractPlainSocketImpl.accept(AbstractPlainSocketImpl.java:404) ~[?:1.8.0_20]
	at java.net.PlainSocketImpl.accept(PlainSocketImpl.java:199) ~[?:1.8.0_20]
	at java.net.ServerSocket.implAccept(ServerSocket.java:545) ~[?:1.8.0_20]
	at java.net.ServerSocket.accept(ServerSocket.java:513) ~[?:1.8.0_20]
	at com.sirma.itt.javacourse.chatserver.server.Server.acceptClients(Server.java:104) [classes/:?]
	at com.sirma.itt.javacourse.chatserver.server.Server.run(Server.java:78) [classes/:?]
	at java.lang.Thread.run(Thread.java:745) [?:1.8.0_20]
[INFO ] 2015-01-05 22:29:43.548 [AWT-EventQueue-0] Server - Closed the server
[ERROR] 2015-01-05 22:29:43.548 [Thread-4] Server - socket closed
java.net.SocketException: socket closed
	at java.net.DualStackPlainSocketImpl.accept0(Native Method) ~[?:1.8.0_20]
	at java.net.DualStackPlainSocketImpl.socketAccept(DualStackPlainSocketImpl.java:131) ~[?:1.8.0_20]
	at java.net.AbstractPlainSocketImpl.accept(AbstractPlainSocketImpl.java:404) ~[?:1.8.0_20]
	at java.net.PlainSocketImpl.accept(PlainSocketImpl.java:199) ~[?:1.8.0_20]
	at java.net.ServerSocket.implAccept(ServerSocket.java:545) ~[?:1.8.0_20]
	at java.net.ServerSocket.accept(ServerSocket.java:513) ~[?:1.8.0_20]
	at com.sirma.itt.javacourse.chatserver.server.Server.acceptClients(Server.java:104) [classes/:?]
	at com.sirma.itt.javacourse.chatserver.server.Server.run(Server.java:78) [classes/:?]
	at java.lang.Thread.run(Thread.java:745) [?:1.8.0_20]
[INFO ] 2015-01-05 22:33:35.727 [AWT-EventQueue-0] Server - Closed the server
[ERROR] 2015-01-05 22:33:35.727 [Thread-4] Server - socket closed
java.net.SocketException: socket closed
	at java.net.DualStackPlainSocketImpl.accept0(Native Method) ~[?:1.8.0_20]
	at java.net.DualStackPlainSocketImpl.socketAccept(DualStackPlainSocketImpl.java:131) ~[?:1.8.0_20]
	at java.net.AbstractPlainSocketImpl.accept(AbstractPlainSocketImpl.java:404) ~[?:1.8.0_20]
	at java.net.PlainSocketImpl.accept(PlainSocketImpl.java:199) ~[?:1.8.0_20]
	at java.net.ServerSocket.implAccept(ServerSocket.java:545) ~[?:1.8.0_20]
	at java.net.ServerSocket.accept(ServerSocket.java:513) ~[?:1.8.0_20]
	at com.sirma.itt.javacourse.chatserver.server.Server.acceptClients(Server.java:104) [classes/:?]
	at com.sirma.itt.javacourse.chatserver.server.Server.run(Server.java:78) [classes/:?]
	at java.lang.Thread.run(Thread.java:745) [?:1.8.0_20]
[INFO ] 2015-01-05 22:36:36.313 [AWT-EventQueue-0] Server - Closed the server
[ERROR] 2015-01-05 22:36:36.313 [Thread-4] Server - socket closed
java.net.SocketException: socket closed
	at java.net.DualStackPlainSocketImpl.accept0(Native Method) ~[?:1.8.0_20]
	at java.net.DualStackPlainSocketImpl.socketAccept(DualStackPlainSocketImpl.java:131) ~[?:1.8.0_20]
	at java.net.AbstractPlainSocketImpl.accept(AbstractPlainSocketImpl.java:404) ~[?:1.8.0_20]
	at java.net.PlainSocketImpl.accept(PlainSocketImpl.java:199) ~[?:1.8.0_20]
	at java.net.ServerSocket.implAccept(ServerSocket.java:545) ~[?:1.8.0_20]
	at java.net.ServerSocket.accept(ServerSocket.java:513) ~[?:1.8.0_20]
	at com.sirma.itt.javacourse.chatserver.server.Server.acceptClients(Server.java:104) [classes/:?]
	at com.sirma.itt.javacourse.chatserver.server.Server.run(Server.java:78) [classes/:?]
	at java.lang.Thread.run(Thread.java:745) [?:1.8.0_20]
[INFO ] 2015-01-05 22:41:40.440 [AWT-EventQueue-0] Server - Closed the server
[ERROR] 2015-01-05 22:41:40.440 [Thread-4] Server - socket closed
java.net.SocketException: socket closed
	at java.net.DualStackPlainSocketImpl.accept0(Native Method) ~[?:1.8.0_20]
	at java.net.DualStackPlainSocketImpl.socketAccept(DualStackPlainSocketImpl.java:131) ~[?:1.8.0_20]
	at java.net.AbstractPlainSocketImpl.accept(AbstractPlainSocketImpl.java:404) ~[?:1.8.0_20]
	at java.net.PlainSocketImpl.accept(PlainSocketImpl.java:199) ~[?:1.8.0_20]
	at java.net.ServerSocket.implAccept(ServerSocket.java:545) ~[?:1.8.0_20]
	at java.net.ServerSocket.accept(ServerSocket.java:513) ~[?:1.8.0_20]
	at com.sirma.itt.javacourse.chatserver.server.Server.acceptClients(Server.java:104) [classes/:?]
	at com.sirma.itt.javacourse.chatserver.server.Server.run(Server.java:78) [classes/:?]
	at java.lang.Thread.run(Thread.java:745) [?:1.8.0_20]
[INFO ] 2015-01-05 22:42:47.953 [AWT-EventQueue-0] Server - Closed the server
[ERROR] 2015-01-05 22:42:47.953 [Thread-4] Server - socket closed
java.net.SocketException: socket closed
	at java.net.DualStackPlainSocketImpl.accept0(Native Method) ~[?:1.8.0_20]
	at java.net.DualStackPlainSocketImpl.socketAccept(DualStackPlainSocketImpl.java:131) ~[?:1.8.0_20]
	at java.net.AbstractPlainSocketImpl.accept(AbstractPlainSocketImpl.java:404) ~[?:1.8.0_20]
	at java.net.PlainSocketImpl.accept(PlainSocketImpl.java:199) ~[?:1.8.0_20]
	at java.net.ServerSocket.implAccept(ServerSocket.java:545) ~[?:1.8.0_20]
	at java.net.ServerSocket.accept(ServerSocket.java:513) ~[?:1.8.0_20]
	at com.sirma.itt.javacourse.chatserver.server.Server.acceptClients(Server.java:104) [classes/:?]
	at com.sirma.itt.javacourse.chatserver.server.Server.run(Server.java:78) [classes/:?]
	at java.lang.Thread.run(Thread.java:745) [?:1.8.0_20]
[INFO ] 2015-01-05 23:11:47.968 [AWT-EventQueue-0] Server - Closed the server
[ERROR] 2015-01-05 23:11:47.968 [Thread-4] Server - socket closed
java.net.SocketException: socket closed
	at java.net.DualStackPlainSocketImpl.accept0(Native Method) ~[?:1.8.0_20]
	at java.net.DualStackPlainSocketImpl.socketAccept(DualStackPlainSocketImpl.java:131) ~[?:1.8.0_20]
	at java.net.AbstractPlainSocketImpl.accept(AbstractPlainSocketImpl.java:404) ~[?:1.8.0_20]
	at java.net.PlainSocketImpl.accept(PlainSocketImpl.java:199) ~[?:1.8.0_20]
	at java.net.ServerSocket.implAccept(ServerSocket.java:545) ~[?:1.8.0_20]
	at java.net.ServerSocket.accept(ServerSocket.java:513) ~[?:1.8.0_20]
	at com.sirma.itt.javacourse.chatserver.server.Server.acceptClients(Server.java:104) [classes/:?]
	at com.sirma.itt.javacourse.chatserver.server.Server.run(Server.java:78) [classes/:?]
	at java.lang.Thread.run(Thread.java:745) [?:1.8.0_20]
[INFO ] 2015-01-05 23:14:11.475 [AWT-EventQueue-0] Server - Closed the server
[ERROR] 2015-01-05 23:14:11.475 [Thread-4] Server - socket closed
java.net.SocketException: socket closed
	at java.net.DualStackPlainSocketImpl.accept0(Native Method) ~[?:1.8.0_20]
	at java.net.DualStackPlainSocketImpl.socketAccept(DualStackPlainSocketImpl.java:131) ~[?:1.8.0_20]
	at java.net.AbstractPlainSocketImpl.accept(AbstractPlainSocketImpl.java:404) ~[?:1.8.0_20]
	at java.net.PlainSocketImpl.accept(PlainSocketImpl.java:199) ~[?:1.8.0_20]
	at java.net.ServerSocket.implAccept(ServerSocket.java:545) ~[?:1.8.0_20]
	at java.net.ServerSocket.accept(ServerSocket.java:513) ~[?:1.8.0_20]
	at com.sirma.itt.javacourse.chatserver.server.Server.acceptClients(Server.java:104) [classes/:?]
	at com.sirma.itt.javacourse.chatserver.server.Server.run(Server.java:78) [classes/:?]
	at java.lang.Thread.run(Thread.java:745) [?:1.8.0_20]
[INFO ] 2015-01-06 11:21:15.031 [AWT-EventQueue-0] Server - Closed the server
[ERROR] 2015-01-06 11:21:15.031 [Thread-4] Server - socket closed
java.net.SocketException: socket closed
	at java.net.TwoStacksPlainSocketImpl.socketAccept(Native Method) ~[?:1.7.0_60]
	at java.net.AbstractPlainSocketImpl.accept(AbstractPlainSocketImpl.java:398) ~[?:1.7.0_60]
	at java.net.PlainSocketImpl.accept(PlainSocketImpl.java:199) ~[?:1.7.0_60]
	at java.net.ServerSocket.implAccept(ServerSocket.java:530) ~[?:1.7.0_60]
	at java.net.ServerSocket.accept(ServerSocket.java:498) ~[?:1.7.0_60]
	at com.sirma.itt.javacourse.chatserver.server.Server.acceptClients(Server.java:104) [classes/:?]
	at com.sirma.itt.javacourse.chatserver.server.Server.run(Server.java:78) [classes/:?]
	at java.lang.Thread.run(Thread.java:745) [?:1.7.0_60]
[INFO ] 2015-01-06 11:40:27.171 [AWT-EventQueue-0] Server - Closed the server
[ERROR] 2015-01-06 11:40:27.171 [Thread-4] Server - socket closed
java.net.SocketException: socket closed
	at java.net.TwoStacksPlainSocketImpl.socketAccept(Native Method) ~[?:1.7.0_60]
	at java.net.AbstractPlainSocketImpl.accept(AbstractPlainSocketImpl.java:398) ~[?:1.7.0_60]
	at java.net.PlainSocketImpl.accept(PlainSocketImpl.java:199) ~[?:1.7.0_60]
	at java.net.ServerSocket.implAccept(ServerSocket.java:530) ~[?:1.7.0_60]
	at java.net.ServerSocket.accept(ServerSocket.java:498) ~[?:1.7.0_60]
	at com.sirma.itt.javacourse.chatserver.server.Server.acceptClients(Server.java:104) [classes/:?]
	at com.sirma.itt.javacourse.chatserver.server.Server.run(Server.java:78) [classes/:?]
	at java.lang.Thread.run(Thread.java:745) [?:1.7.0_60]
[INFO ] 2015-01-06 11:42:31.984 [AWT-EventQueue-0] Server - Closed the server
[ERROR] 2015-01-06 11:42:31.984 [Thread-4] Server - socket closed
java.net.SocketException: socket closed
	at java.net.TwoStacksPlainSocketImpl.socketAccept(Native Method) ~[?:1.7.0_60]
	at java.net.AbstractPlainSocketImpl.accept(AbstractPlainSocketImpl.java:398) ~[?:1.7.0_60]
	at java.net.PlainSocketImpl.accept(PlainSocketImpl.java:199) ~[?:1.7.0_60]
	at java.net.ServerSocket.implAccept(ServerSocket.java:530) ~[?:1.7.0_60]
	at java.net.ServerSocket.accept(ServerSocket.java:498) ~[?:1.7.0_60]
	at com.sirma.itt.javacourse.chatserver.server.Server.acceptClients(Server.java:104) [classes/:?]
	at com.sirma.itt.javacourse.chatserver.server.Server.run(Server.java:78) [classes/:?]
	at java.lang.Thread.run(Thread.java:745) [?:1.7.0_60]
[INFO ] 2015-01-06 11:47:46.734 [AWT-EventQueue-0] Server - Closed the server
[ERROR] 2015-01-06 11:47:46.734 [Thread-4] Server - socket closed
java.net.SocketException: socket closed
	at java.net.TwoStacksPlainSocketImpl.socketAccept(Native Method) ~[?:1.7.0_60]
	at java.net.AbstractPlainSocketImpl.accept(AbstractPlainSocketImpl.java:398) ~[?:1.7.0_60]
	at java.net.PlainSocketImpl.accept(PlainSocketImpl.java:199) ~[?:1.7.0_60]
	at java.net.ServerSocket.implAccept(ServerSocket.java:530) ~[?:1.7.0_60]
	at java.net.ServerSocket.accept(ServerSocket.java:498) ~[?:1.7.0_60]
	at com.sirma.itt.javacourse.chatserver.server.Server.acceptClients(Server.java:104) [classes/:?]
	at com.sirma.itt.javacourse.chatserver.server.Server.run(Server.java:78) [classes/:?]
	at java.lang.Thread.run(Thread.java:745) [?:1.7.0_60]
[INFO ] 2015-01-06 11:49:40.218 [AWT-EventQueue-0] Server - Closed the server
[ERROR] 2015-01-06 11:49:40.218 [Thread-4] Server - socket closed
java.net.SocketException: socket closed
	at java.net.TwoStacksPlainSocketImpl.socketAccept(Native Method) ~[?:1.7.0_60]
	at java.net.AbstractPlainSocketImpl.accept(AbstractPlainSocketImpl.java:398) ~[?:1.7.0_60]
	at java.net.PlainSocketImpl.accept(PlainSocketImpl.java:199) ~[?:1.7.0_60]
	at java.net.ServerSocket.implAccept(ServerSocket.java:530) ~[?:1.7.0_60]
	at java.net.ServerSocket.accept(ServerSocket.java:498) ~[?:1.7.0_60]
	at com.sirma.itt.javacourse.chatserver.server.Server.acceptClients(Server.java:104) [classes/:?]
	at com.sirma.itt.javacourse.chatserver.server.Server.run(Server.java:78) [classes/:?]
	at java.lang.Thread.run(Thread.java:745) [?:1.7.0_60]
[INFO ] 2015-01-06 11:51:40.359 [AWT-EventQueue-0] Server - Closed the server
[ERROR] 2015-01-06 11:51:40.359 [Thread-4] Server - socket closed
java.net.SocketException: socket closed
	at java.net.TwoStacksPlainSocketImpl.socketAccept(Native Method) ~[?:1.7.0_60]
	at java.net.AbstractPlainSocketImpl.accept(AbstractPlainSocketImpl.java:398) ~[?:1.7.0_60]
	at java.net.PlainSocketImpl.accept(PlainSocketImpl.java:199) ~[?:1.7.0_60]
	at java.net.ServerSocket.implAccept(ServerSocket.java:530) ~[?:1.7.0_60]
	at java.net.ServerSocket.accept(ServerSocket.java:498) ~[?:1.7.0_60]
	at com.sirma.itt.javacourse.chatserver.server.Server.acceptClients(Server.java:104) [classes/:?]
	at com.sirma.itt.javacourse.chatserver.server.Server.run(Server.java:78) [classes/:?]
	at java.lang.Thread.run(Thread.java:745) [?:1.7.0_60]
[INFO ] 2015-01-06 11:59:35.281 [AWT-EventQueue-0] Server - Closed the server
[ERROR] 2015-01-06 11:59:35.281 [Thread-4] Server - socket closed
java.net.SocketException: socket closed
	at java.net.TwoStacksPlainSocketImpl.socketAccept(Native Method) ~[?:1.7.0_60]
	at java.net.AbstractPlainSocketImpl.accept(AbstractPlainSocketImpl.java:398) ~[?:1.7.0_60]
	at java.net.PlainSocketImpl.accept(PlainSocketImpl.java:199) ~[?:1.7.0_60]
	at java.net.ServerSocket.implAccept(ServerSocket.java:530) ~[?:1.7.0_60]
	at java.net.ServerSocket.accept(ServerSocket.java:498) ~[?:1.7.0_60]
	at com.sirma.itt.javacourse.chatserver.server.Server.acceptClients(Server.java:104) [classes/:?]
	at com.sirma.itt.javacourse.chatserver.server.Server.run(Server.java:78) [classes/:?]
	at java.lang.Thread.run(Thread.java:745) [?:1.7.0_60]
[INFO ] 2015-01-06 12:01:44.015 [AWT-EventQueue-0] Server - Closed the server
[ERROR] 2015-01-06 12:01:44.015 [Thread-4] Server - socket closed
java.net.SocketException: socket closed
	at java.net.TwoStacksPlainSocketImpl.socketAccept(Native Method) ~[?:1.7.0_60]
	at java.net.AbstractPlainSocketImpl.accept(AbstractPlainSocketImpl.java:398) ~[?:1.7.0_60]
	at java.net.PlainSocketImpl.accept(PlainSocketImpl.java:199) ~[?:1.7.0_60]
	at java.net.ServerSocket.implAccept(ServerSocket.java:530) ~[?:1.7.0_60]
	at java.net.ServerSocket.accept(ServerSocket.java:498) ~[?:1.7.0_60]
	at com.sirma.itt.javacourse.chatserver.server.Server.acceptClients(Server.java:104) [classes/:?]
	at com.sirma.itt.javacourse.chatserver.server.Server.run(Server.java:78) [classes/:?]
	at java.lang.Thread.run(Thread.java:745) [?:1.7.0_60]
[ERROR] 2015-01-06 12:03:50.890 [Thread-6] Server - socket closed
java.net.SocketException: socket closed
	at java.net.TwoStacksPlainSocketImpl.socketAccept(Native Method) ~[?:1.7.0_60]
	at java.net.AbstractPlainSocketImpl.accept(AbstractPlainSocketImpl.java:398) ~[?:1.7.0_60]
	at java.net.PlainSocketImpl.accept(PlainSocketImpl.java:199) ~[?:1.7.0_60]
	at java.net.ServerSocket.implAccept(ServerSocket.java:530) ~[?:1.7.0_60]
	at java.net.ServerSocket.accept(ServerSocket.java:498) ~[?:1.7.0_60]
	at com.sirma.itt.javacourse.chatserver.server.Server.acceptClients(Server.java:104) [classes/:?]
	at com.sirma.itt.javacourse.chatserver.server.Server.run(Server.java:78) [classes/:?]
	at java.lang.Thread.run(Thread.java:745) [?:1.7.0_60]
[INFO ] 2015-01-06 12:03:50.890 [AWT-EventQueue-0] Server - Closed the server
[INFO ] 2015-01-06 12:22:50.562 [AWT-EventQueue-0] Server - Closed the server
[ERROR] 2015-01-06 12:22:50.562 [Thread-4] Server - socket closed
java.net.SocketException: socket closed
	at java.net.TwoStacksPlainSocketImpl.socketAccept(Native Method) ~[?:1.7.0_60]
	at java.net.AbstractPlainSocketImpl.accept(AbstractPlainSocketImpl.java:398) ~[?:1.7.0_60]
	at java.net.PlainSocketImpl.accept(PlainSocketImpl.java:199) ~[?:1.7.0_60]
	at java.net.ServerSocket.implAccept(ServerSocket.java:530) ~[?:1.7.0_60]
	at java.net.ServerSocket.accept(ServerSocket.java:498) ~[?:1.7.0_60]
	at com.sirma.itt.javacourse.chatserver.server.Server.acceptClients(Server.java:104) [classes/:?]
	at com.sirma.itt.javacourse.chatserver.server.Server.run(Server.java:78) [classes/:?]
	at java.lang.Thread.run(Thread.java:745) [?:1.7.0_60]
[INFO ] 2015-01-06 12:44:21.625 [AWT-EventQueue-0] Server - Closed the server
[ERROR] 2015-01-06 12:44:21.625 [Thread-4] Server - socket closed
java.net.SocketException: socket closed
	at java.net.TwoStacksPlainSocketImpl.socketAccept(Native Method) ~[?:1.7.0_60]
	at java.net.AbstractPlainSocketImpl.accept(AbstractPlainSocketImpl.java:398) ~[?:1.7.0_60]
	at java.net.PlainSocketImpl.accept(PlainSocketImpl.java:199) ~[?:1.7.0_60]
	at java.net.ServerSocket.implAccept(ServerSocket.java:530) ~[?:1.7.0_60]
	at java.net.ServerSocket.accept(ServerSocket.java:498) ~[?:1.7.0_60]
	at com.sirma.itt.javacourse.chatserver.server.Server.acceptClients(Server.java:104) [classes/:?]
	at com.sirma.itt.javacourse.chatserver.server.Server.run(Server.java:78) [classes/:?]
	at java.lang.Thread.run(Thread.java:745) [?:1.7.0_60]
[INFO ] 2015-01-06 12:46:33.390 [AWT-EventQueue-0] Server - Closed the server
[ERROR] 2015-01-06 12:46:33.390 [Thread-4] Server - socket closed
java.net.SocketException: socket closed
	at java.net.TwoStacksPlainSocketImpl.socketAccept(Native Method) ~[?:1.7.0_60]
	at java.net.AbstractPlainSocketImpl.accept(AbstractPlainSocketImpl.java:398) ~[?:1.7.0_60]
	at java.net.PlainSocketImpl.accept(PlainSocketImpl.java:199) ~[?:1.7.0_60]
	at java.net.ServerSocket.implAccept(ServerSocket.java:530) ~[?:1.7.0_60]
	at java.net.ServerSocket.accept(ServerSocket.java:498) ~[?:1.7.0_60]
	at com.sirma.itt.javacourse.chatserver.server.Server.acceptClients(Server.java:104) [classes/:?]
	at com.sirma.itt.javacourse.chatserver.server.Server.run(Server.java:78) [classes/:?]
	at java.lang.Thread.run(Thread.java:745) [?:1.7.0_60]
[INFO ] 2015-01-06 12:49:29.359 [AWT-EventQueue-0] Server - Closed the server
[ERROR] 2015-01-06 12:49:29.359 [Thread-4] Server - socket closed
java.net.SocketException: socket closed
	at java.net.TwoStacksPlainSocketImpl.socketAccept(Native Method) ~[?:1.7.0_60]
	at java.net.AbstractPlainSocketImpl.accept(AbstractPlainSocketImpl.java:398) ~[?:1.7.0_60]
	at java.net.PlainSocketImpl.accept(PlainSocketImpl.java:199) ~[?:1.7.0_60]
	at java.net.ServerSocket.implAccept(ServerSocket.java:530) ~[?:1.7.0_60]
	at java.net.ServerSocket.accept(ServerSocket.java:498) ~[?:1.7.0_60]
	at com.sirma.itt.javacourse.chatserver.server.Server.acceptClients(Server.java:104) [classes/:?]
	at com.sirma.itt.javacourse.chatserver.server.Server.run(Server.java:78) [classes/:?]
	at java.lang.Thread.run(Thread.java:745) [?:1.7.0_60]
[INFO ] 2015-01-06 12:50:09.234 [AWT-EventQueue-0] Server - Closed the server
[ERROR] 2015-01-06 12:50:09.234 [Thread-4] Server - socket closed
java.net.SocketException: socket closed
	at java.net.TwoStacksPlainSocketImpl.socketAccept(Native Method) ~[?:1.7.0_60]
	at java.net.AbstractPlainSocketImpl.accept(AbstractPlainSocketImpl.java:398) ~[?:1.7.0_60]
	at java.net.PlainSocketImpl.accept(PlainSocketImpl.java:199) ~[?:1.7.0_60]
	at java.net.ServerSocket.implAccept(ServerSocket.java:530) ~[?:1.7.0_60]
	at java.net.ServerSocket.accept(ServerSocket.java:498) ~[?:1.7.0_60]
	at com.sirma.itt.javacourse.chatserver.server.Server.acceptClients(Server.java:104) [classes/:?]
	at com.sirma.itt.javacourse.chatserver.server.Server.run(Server.java:78) [classes/:?]
	at java.lang.Thread.run(Thread.java:745) [?:1.7.0_60]
[INFO ] 2015-01-06 13:07:24.328 [AWT-EventQueue-0] Server - Closed the server
[ERROR] 2015-01-06 13:07:24.328 [Thread-4] Server - socket closed
java.net.SocketException: socket closed
	at java.net.TwoStacksPlainSocketImpl.socketAccept(Native Method) ~[?:1.7.0_60]
	at java.net.AbstractPlainSocketImpl.accept(AbstractPlainSocketImpl.java:398) ~[?:1.7.0_60]
	at java.net.PlainSocketImpl.accept(PlainSocketImpl.java:199) ~[?:1.7.0_60]
	at java.net.ServerSocket.implAccept(ServerSocket.java:530) ~[?:1.7.0_60]
	at java.net.ServerSocket.accept(ServerSocket.java:498) ~[?:1.7.0_60]
	at com.sirma.itt.javacourse.chatserver.server.Server.acceptClients(Server.java:104) [classes/:?]
	at com.sirma.itt.javacourse.chatserver.server.Server.run(Server.java:78) [classes/:?]
	at java.lang.Thread.run(Thread.java:745) [?:1.7.0_60]
[INFO ] 2015-01-06 13:08:18.640 [AWT-EventQueue-0] Server - Closed the server
[ERROR] 2015-01-06 13:08:18.640 [Thread-4] Server - socket closed
java.net.SocketException: socket closed
	at java.net.TwoStacksPlainSocketImpl.socketAccept(Native Method) ~[?:1.7.0_60]
	at java.net.AbstractPlainSocketImpl.accept(AbstractPlainSocketImpl.java:398) ~[?:1.7.0_60]
	at java.net.PlainSocketImpl.accept(PlainSocketImpl.java:199) ~[?:1.7.0_60]
	at java.net.ServerSocket.implAccept(ServerSocket.java:530) ~[?:1.7.0_60]
	at java.net.ServerSocket.accept(ServerSocket.java:498) ~[?:1.7.0_60]
	at com.sirma.itt.javacourse.chatserver.server.Server.acceptClients(Server.java:104) [classes/:?]
	at com.sirma.itt.javacourse.chatserver.server.Server.run(Server.java:78) [classes/:?]
	at java.lang.Thread.run(Thread.java:745) [?:1.7.0_60]
[INFO ] 2015-01-06 13:10:58.421 [AWT-EventQueue-0] Server - Closed the server
[ERROR] 2015-01-06 13:10:58.421 [Thread-4] Server - socket closed
java.net.SocketException: socket closed
	at java.net.TwoStacksPlainSocketImpl.socketAccept(Native Method) ~[?:1.7.0_60]
	at java.net.AbstractPlainSocketImpl.accept(AbstractPlainSocketImpl.java:398) ~[?:1.7.0_60]
	at java.net.PlainSocketImpl.accept(PlainSocketImpl.java:199) ~[?:1.7.0_60]
	at java.net.ServerSocket.implAccept(ServerSocket.java:530) ~[?:1.7.0_60]
	at java.net.ServerSocket.accept(ServerSocket.java:498) ~[?:1.7.0_60]
	at com.sirma.itt.javacourse.chatserver.server.Server.acceptClients(Server.java:104) [classes/:?]
	at com.sirma.itt.javacourse.chatserver.server.Server.run(Server.java:78) [classes/:?]
	at java.lang.Thread.run(Thread.java:745) [?:1.7.0_60]
[INFO ] 2015-01-06 13:21:12.734 [AWT-EventQueue-0] Server - Closed the server
[ERROR] 2015-01-06 13:21:12.734 [Thread-4] Server - socket closed
java.net.SocketException: socket closed
	at java.net.TwoStacksPlainSocketImpl.socketAccept(Native Method) ~[?:1.7.0_60]
	at java.net.AbstractPlainSocketImpl.accept(AbstractPlainSocketImpl.java:398) ~[?:1.7.0_60]
	at java.net.PlainSocketImpl.accept(PlainSocketImpl.java:199) ~[?:1.7.0_60]
	at java.net.ServerSocket.implAccept(ServerSocket.java:530) ~[?:1.7.0_60]
	at java.net.ServerSocket.accept(ServerSocket.java:498) ~[?:1.7.0_60]
	at com.sirma.itt.javacourse.chatserver.server.Server.acceptClients(Server.java:104) [classes/:?]
	at com.sirma.itt.javacourse.chatserver.server.Server.run(Server.java:78) [classes/:?]
	at java.lang.Thread.run(Thread.java:745) [?:1.7.0_60]
[INFO ] 2015-01-06 13:22:17.937 [AWT-EventQueue-0] Server - Closed the server
[ERROR] 2015-01-06 13:22:17.937 [Thread-4] Server - socket closed
java.net.SocketException: socket closed
	at java.net.TwoStacksPlainSocketImpl.socketAccept(Native Method) ~[?:1.7.0_60]
	at java.net.AbstractPlainSocketImpl.accept(AbstractPlainSocketImpl.java:398) ~[?:1.7.0_60]
	at java.net.PlainSocketImpl.accept(PlainSocketImpl.java:199) ~[?:1.7.0_60]
	at java.net.ServerSocket.implAccept(ServerSocket.java:530) ~[?:1.7.0_60]
	at java.net.ServerSocket.accept(ServerSocket.java:498) ~[?:1.7.0_60]
	at com.sirma.itt.javacourse.chatserver.server.Server.acceptClients(Server.java:104) [classes/:?]
	at com.sirma.itt.javacourse.chatserver.server.Server.run(Server.java:78) [classes/:?]
	at java.lang.Thread.run(Thread.java:745) [?:1.7.0_60]
[INFO ] 2015-01-06 13:26:22.390 [AWT-EventQueue-0] Server - Closed the server
[ERROR] 2015-01-06 13:26:22.390 [Thread-4] Server - socket closed
java.net.SocketException: socket closed
	at java.net.TwoStacksPlainSocketImpl.socketAccept(Native Method) ~[?:1.7.0_60]
	at java.net.AbstractPlainSocketImpl.accept(AbstractPlainSocketImpl.java:398) ~[?:1.7.0_60]
	at java.net.PlainSocketImpl.accept(PlainSocketImpl.java:199) ~[?:1.7.0_60]
	at java.net.ServerSocket.implAccept(ServerSocket.java:530) ~[?:1.7.0_60]
	at java.net.ServerSocket.accept(ServerSocket.java:498) ~[?:1.7.0_60]
	at com.sirma.itt.javacourse.chatserver.server.Server.acceptClients(Server.java:104) [classes/:?]
	at com.sirma.itt.javacourse.chatserver.server.Server.run(Server.java:78) [classes/:?]
	at java.lang.Thread.run(Thread.java:745) [?:1.7.0_60]
[INFO ] 2015-01-06 13:27:26.812 [AWT-EventQueue-0] Server - Closed the server
[ERROR] 2015-01-06 13:27:26.812 [Thread-4] Server - socket closed
java.net.SocketException: socket closed
	at java.net.TwoStacksPlainSocketImpl.socketAccept(Native Method) ~[?:1.7.0_60]
	at java.net.AbstractPlainSocketImpl.accept(AbstractPlainSocketImpl.java:398) ~[?:1.7.0_60]
	at java.net.PlainSocketImpl.accept(PlainSocketImpl.java:199) ~[?:1.7.0_60]
	at java.net.ServerSocket.implAccept(ServerSocket.java:530) ~[?:1.7.0_60]
	at java.net.ServerSocket.accept(ServerSocket.java:498) ~[?:1.7.0_60]
	at com.sirma.itt.javacourse.chatserver.server.Server.acceptClients(Server.java:104) [classes/:?]
	at com.sirma.itt.javacourse.chatserver.server.Server.run(Server.java:78) [classes/:?]
	at java.lang.Thread.run(Thread.java:745) [?:1.7.0_60]
[INFO ] 2015-01-06 13:28:55.671 [AWT-EventQueue-0] Server - Closed the server
[ERROR] 2015-01-06 13:28:55.671 [Thread-4] Server - socket closed
java.net.SocketException: socket closed
	at java.net.TwoStacksPlainSocketImpl.socketAccept(Native Method) ~[?:1.7.0_60]
	at java.net.AbstractPlainSocketImpl.accept(AbstractPlainSocketImpl.java:398) ~[?:1.7.0_60]
	at java.net.PlainSocketImpl.accept(PlainSocketImpl.java:199) ~[?:1.7.0_60]
	at java.net.ServerSocket.implAccept(ServerSocket.java:530) ~[?:1.7.0_60]
	at java.net.ServerSocket.accept(ServerSocket.java:498) ~[?:1.7.0_60]
	at com.sirma.itt.javacourse.chatserver.server.Server.acceptClients(Server.java:104) [classes/:?]
	at com.sirma.itt.javacourse.chatserver.server.Server.run(Server.java:78) [classes/:?]
	at java.lang.Thread.run(Thread.java:745) [?:1.7.0_60]
[INFO ] 2015-01-06 13:35:56.625 [AWT-EventQueue-0] Server - Closed the server
[ERROR] 2015-01-06 13:35:56.625 [Thread-4] Server - socket closed
java.net.SocketException: socket closed
	at java.net.TwoStacksPlainSocketImpl.socketAccept(Native Method) ~[?:1.7.0_60]
	at java.net.AbstractPlainSocketImpl.accept(AbstractPlainSocketImpl.java:398) ~[?:1.7.0_60]
	at java.net.PlainSocketImpl.accept(PlainSocketImpl.java:199) ~[?:1.7.0_60]
	at java.net.ServerSocket.implAccept(ServerSocket.java:530) ~[?:1.7.0_60]
	at java.net.ServerSocket.accept(ServerSocket.java:498) ~[?:1.7.0_60]
	at com.sirma.itt.javacourse.chatserver.server.Server.acceptClients(Server.java:104) [classes/:?]
	at com.sirma.itt.javacourse.chatserver.server.Server.run(Server.java:78) [classes/:?]
	at java.lang.Thread.run(Thread.java:745) [?:1.7.0_60]
[INFO ] 2015-01-06 13:37:33.390 [AWT-EventQueue-0] Server - Closed the server
[ERROR] 2015-01-06 13:37:33.390 [Thread-4] Server - socket closed
java.net.SocketException: socket closed
	at java.net.TwoStacksPlainSocketImpl.socketAccept(Native Method) ~[?:1.7.0_60]
	at java.net.AbstractPlainSocketImpl.accept(AbstractPlainSocketImpl.java:398) ~[?:1.7.0_60]
	at java.net.PlainSocketImpl.accept(PlainSocketImpl.java:199) ~[?:1.7.0_60]
	at java.net.ServerSocket.implAccept(ServerSocket.java:530) ~[?:1.7.0_60]
	at java.net.ServerSocket.accept(ServerSocket.java:498) ~[?:1.7.0_60]
	at com.sirma.itt.javacourse.chatserver.server.Server.acceptClients(Server.java:104) [classes/:?]
	at com.sirma.itt.javacourse.chatserver.server.Server.run(Server.java:78) [classes/:?]
	at java.lang.Thread.run(Thread.java:745) [?:1.7.0_60]
[INFO ] 2015-01-06 13:38:50.265 [AWT-EventQueue-0] Server - Closed the server
[ERROR] 2015-01-06 13:38:50.265 [Thread-4] Server - socket closed
java.net.SocketException: socket closed
	at java.net.TwoStacksPlainSocketImpl.socketAccept(Native Method) ~[?:1.7.0_60]
	at java.net.AbstractPlainSocketImpl.accept(AbstractPlainSocketImpl.java:398) ~[?:1.7.0_60]
	at java.net.PlainSocketImpl.accept(PlainSocketImpl.java:199) ~[?:1.7.0_60]
	at java.net.ServerSocket.implAccept(ServerSocket.java:530) ~[?:1.7.0_60]
	at java.net.ServerSocket.accept(ServerSocket.java:498) ~[?:1.7.0_60]
	at com.sirma.itt.javacourse.chatserver.server.Server.acceptClients(Server.java:104) [classes/:?]
	at com.sirma.itt.javacourse.chatserver.server.Server.run(Server.java:78) [classes/:?]
	at java.lang.Thread.run(Thread.java:745) [?:1.7.0_60]
[INFO ] 2015-01-06 13:41:23.171 [AWT-EventQueue-0] Server - Closed the server
[ERROR] 2015-01-06 13:41:23.171 [Thread-4] Server - socket closed
java.net.SocketException: socket closed
	at java.net.TwoStacksPlainSocketImpl.socketAccept(Native Method) ~[?:1.7.0_60]
	at java.net.AbstractPlainSocketImpl.accept(AbstractPlainSocketImpl.java:398) ~[?:1.7.0_60]
	at java.net.PlainSocketImpl.accept(PlainSocketImpl.java:199) ~[?:1.7.0_60]
	at java.net.ServerSocket.implAccept(ServerSocket.java:530) ~[?:1.7.0_60]
	at java.net.ServerSocket.accept(ServerSocket.java:498) ~[?:1.7.0_60]
	at com.sirma.itt.javacourse.chatserver.server.Server.acceptClients(Server.java:104) [classes/:?]
	at com.sirma.itt.javacourse.chatserver.server.Server.run(Server.java:78) [classes/:?]
	at java.lang.Thread.run(Thread.java:745) [?:1.7.0_60]
[INFO ] 2015-01-06 13:41:53.046 [AWT-EventQueue-0] Server - Closed the server
[ERROR] 2015-01-06 13:41:53.046 [Thread-4] Server - socket closed
java.net.SocketException: socket closed
	at java.net.TwoStacksPlainSocketImpl.socketAccept(Native Method) ~[?:1.7.0_60]
	at java.net.AbstractPlainSocketImpl.accept(AbstractPlainSocketImpl.java:398) ~[?:1.7.0_60]
	at java.net.PlainSocketImpl.accept(PlainSocketImpl.java:199) ~[?:1.7.0_60]
	at java.net.ServerSocket.implAccept(ServerSocket.java:530) ~[?:1.7.0_60]
	at java.net.ServerSocket.accept(ServerSocket.java:498) ~[?:1.7.0_60]
	at com.sirma.itt.javacourse.chatserver.server.Server.acceptClients(Server.java:104) [classes/:?]
	at com.sirma.itt.javacourse.chatserver.server.Server.run(Server.java:78) [classes/:?]
	at java.lang.Thread.run(Thread.java:745) [?:1.7.0_60]
[INFO ] 2015-01-06 13:43:47.750 [AWT-EventQueue-0] Server - Closed the server
[ERROR] 2015-01-06 13:43:47.750 [Thread-4] Server - socket closed
java.net.SocketException: socket closed
	at java.net.TwoStacksPlainSocketImpl.socketAccept(Native Method) ~[?:1.7.0_60]
	at java.net.AbstractPlainSocketImpl.accept(AbstractPlainSocketImpl.java:398) ~[?:1.7.0_60]
	at java.net.PlainSocketImpl.accept(PlainSocketImpl.java:199) ~[?:1.7.0_60]
	at java.net.ServerSocket.implAccept(ServerSocket.java:530) ~[?:1.7.0_60]
	at java.net.ServerSocket.accept(ServerSocket.java:498) ~[?:1.7.0_60]
	at com.sirma.itt.javacourse.chatserver.server.Server.acceptClients(Server.java:104) [classes/:?]
	at com.sirma.itt.javacourse.chatserver.server.Server.run(Server.java:78) [classes/:?]
	at java.lang.Thread.run(Thread.java:745) [?:1.7.0_60]
[INFO ] 2015-01-06 13:44:48.046 [AWT-EventQueue-0] Server - Closed the server
[ERROR] 2015-01-06 13:44:48.046 [Thread-4] Server - socket closed
java.net.SocketException: socket closed
	at java.net.TwoStacksPlainSocketImpl.socketAccept(Native Method) ~[?:1.7.0_60]
	at java.net.AbstractPlainSocketImpl.accept(AbstractPlainSocketImpl.java:398) ~[?:1.7.0_60]
	at java.net.PlainSocketImpl.accept(PlainSocketImpl.java:199) ~[?:1.7.0_60]
	at java.net.ServerSocket.implAccept(ServerSocket.java:530) ~[?:1.7.0_60]
	at java.net.ServerSocket.accept(ServerSocket.java:498) ~[?:1.7.0_60]
	at com.sirma.itt.javacourse.chatserver.server.Server.acceptClients(Server.java:104) [classes/:?]
	at com.sirma.itt.javacourse.chatserver.server.Server.run(Server.java:78) [classes/:?]
	at java.lang.Thread.run(Thread.java:745) [?:1.7.0_60]
[INFO ] 2015-01-06 13:47:45.406 [AWT-EventQueue-0] Server - Closed the server
[ERROR] 2015-01-06 13:47:45.406 [Thread-4] Server - socket closed
java.net.SocketException: socket closed
	at java.net.TwoStacksPlainSocketImpl.socketAccept(Native Method) ~[?:1.7.0_60]
	at java.net.AbstractPlainSocketImpl.accept(AbstractPlainSocketImpl.java:398) ~[?:1.7.0_60]
	at java.net.PlainSocketImpl.accept(PlainSocketImpl.java:199) ~[?:1.7.0_60]
	at java.net.ServerSocket.implAccept(ServerSocket.java:530) ~[?:1.7.0_60]
	at java.net.ServerSocket.accept(ServerSocket.java:498) ~[?:1.7.0_60]
	at com.sirma.itt.javacourse.chatserver.server.Server.acceptClients(Server.java:104) [classes/:?]
	at com.sirma.itt.javacourse.chatserver.server.Server.run(Server.java:78) [classes/:?]
	at java.lang.Thread.run(Thread.java:745) [?:1.7.0_60]
[INFO ] 2015-01-06 15:06:05.343 [main] Server - Closed the server
[ERROR] 2015-01-06 15:06:05.343 [Thread-2] Server - socket closed
java.net.SocketException: socket closed
	at java.net.TwoStacksPlainSocketImpl.socketAccept(Native Method) ~[?:1.7.0_60]
	at java.net.AbstractPlainSocketImpl.accept(AbstractPlainSocketImpl.java:398) ~[?:1.7.0_60]
	at java.net.PlainSocketImpl.accept(PlainSocketImpl.java:199) ~[?:1.7.0_60]
	at java.net.ServerSocket.implAccept(ServerSocket.java:530) ~[?:1.7.0_60]
	at java.net.ServerSocket.accept(ServerSocket.java:498) ~[?:1.7.0_60]
	at com.sirma.itt.javacourse.chatserver.server.Server.acceptClients(Server.java:104) [classes/:?]
	at com.sirma.itt.javacourse.chatserver.server.Server.run(Server.java:78) [classes/:?]
	at java.lang.Thread.run(Thread.java:745) [?:1.7.0_60]
[INFO ] 2015-01-06 15:06:44.640 [main] Server - Closed the server
[ERROR] 2015-01-06 15:06:44.640 [Thread-4] Server - socket closed
java.net.SocketException: socket closed
	at java.net.TwoStacksPlainSocketImpl.socketAccept(Native Method) ~[?:1.7.0_60]
	at java.net.AbstractPlainSocketImpl.accept(AbstractPlainSocketImpl.java:398) ~[?:1.7.0_60]
	at java.net.PlainSocketImpl.accept(PlainSocketImpl.java:199) ~[?:1.7.0_60]
	at java.net.ServerSocket.implAccept(ServerSocket.java:530) ~[?:1.7.0_60]
	at java.net.ServerSocket.accept(ServerSocket.java:498) ~[?:1.7.0_60]
	at com.sirma.itt.javacourse.chatserver.server.Server.acceptClients(Server.java:104) [classes/:?]
	at com.sirma.itt.javacourse.chatserver.server.Server.run(Server.java:78) [classes/:?]
	at java.lang.Thread.run(Thread.java:745) [?:1.7.0_60]
[INFO ] 2015-01-06 16:12:08.906 [AWT-EventQueue-0] Server - Closed the server
[ERROR] 2015-01-06 16:12:08.906 [Thread-4] Server - socket closed
java.net.SocketException: socket closed
	at java.net.TwoStacksPlainSocketImpl.socketAccept(Native Method) ~[?:1.7.0_60]
	at java.net.AbstractPlainSocketImpl.accept(AbstractPlainSocketImpl.java:398) ~[?:1.7.0_60]
	at java.net.PlainSocketImpl.accept(PlainSocketImpl.java:199) ~[?:1.7.0_60]
	at java.net.ServerSocket.implAccept(ServerSocket.java:530) ~[?:1.7.0_60]
	at java.net.ServerSocket.accept(ServerSocket.java:498) ~[?:1.7.0_60]
	at com.sirma.itt.javacourse.chatserver.server.Server.acceptClients(Server.java:104) [classes/:?]
	at com.sirma.itt.javacourse.chatserver.server.Server.run(Server.java:78) [classes/:?]
	at java.lang.Thread.run(Thread.java:745) [?:1.7.0_60]
[ERROR] 2015-01-06 16:12:13.078 [Thread-8] Server - socket closed
java.net.SocketException: socket closed
	at java.net.TwoStacksPlainSocketImpl.socketAccept(Native Method) ~[?:1.7.0_60]
	at java.net.AbstractPlainSocketImpl.accept(AbstractPlainSocketImpl.java:398) ~[?:1.7.0_60]
	at java.net.PlainSocketImpl.accept(PlainSocketImpl.java:199) ~[?:1.7.0_60]
	at java.net.ServerSocket.implAccept(ServerSocket.java:530) ~[?:1.7.0_60]
	at java.net.ServerSocket.accept(ServerSocket.java:498) ~[?:1.7.0_60]
	at com.sirma.itt.javacourse.chatserver.server.Server.acceptClients(Server.java:104) [classes/:?]
	at com.sirma.itt.javacourse.chatserver.server.Server.run(Server.java:78) [classes/:?]
	at java.lang.Thread.run(Thread.java:745) [?:1.7.0_60]
[INFO ] 2015-01-06 16:12:13.078 [AWT-EventQueue-0] Server - Closed the server
[INFO ] 2015-01-06 16:21:58.046 [main] Server - Closed the server
[ERROR] 2015-01-06 16:27:17.187 [Thread-2] Server - Port is busy: 7000
java.net.BindException: Address already in use: JVM_Bind
	at java.net.TwoStacksPlainSocketImpl.socketBind(Native Method) ~[?:1.7.0_60]
	at java.net.TwoStacksPlainSocketImpl.socketBind(TwoStacksPlainSocketImpl.java:137) ~[?:1.7.0_60]
	at java.net.AbstractPlainSocketImpl.bind(AbstractPlainSocketImpl.java:376) ~[?:1.7.0_60]
	at java.net.TwoStacksPlainSocketImpl.bind(TwoStacksPlainSocketImpl.java:110) ~[?:1.7.0_60]
	at java.net.PlainSocketImpl.bind(PlainSocketImpl.java:190) ~[?:1.7.0_60]
	at java.net.ServerSocket.bind(ServerSocket.java:376) ~[?:1.7.0_60]
	at java.net.ServerSocket.<init>(ServerSocket.java:237) ~[?:1.7.0_60]
	at java.net.ServerSocket.<init>(ServerSocket.java:128) ~[?:1.7.0_60]
	at com.sirma.itt.javacourse.chatserver.server.Server.createServer(Server.java:86) [classes/:?]
	at com.sirma.itt.javacourse.chatserver.server.Server.run(Server.java:77) [classes/:?]
	at java.lang.Thread.run(Thread.java:745) [?:1.7.0_60]
[INFO ] 2015-01-06 16:27:51.671 [AWT-EventQueue-0] Server - Closed the server
[ERROR] 2015-01-06 16:27:51.671 [Thread-4] Server - socket closed
java.net.SocketException: socket closed
	at java.net.TwoStacksPlainSocketImpl.socketAccept(Native Method) ~[?:1.7.0_60]
	at java.net.AbstractPlainSocketImpl.accept(AbstractPlainSocketImpl.java:398) ~[?:1.7.0_60]
	at java.net.PlainSocketImpl.accept(PlainSocketImpl.java:199) ~[?:1.7.0_60]
	at java.net.ServerSocket.implAccept(ServerSocket.java:530) ~[?:1.7.0_60]
	at java.net.ServerSocket.accept(ServerSocket.java:498) ~[?:1.7.0_60]
	at com.sirma.itt.javacourse.chatserver.server.Server.acceptClients(Server.java:104) [classes/:?]
	at com.sirma.itt.javacourse.chatserver.server.Server.run(Server.java:78) [classes/:?]
	at java.lang.Thread.run(Thread.java:745) [?:1.7.0_60]
[INFO ] 2015-01-06 16:28:02.218 [main] Server - Closed the server
[ERROR] 2015-01-06 16:28:02.218 [Thread-2] Server - socket closed
java.net.SocketException: socket closed
	at java.net.TwoStacksPlainSocketImpl.socketAccept(Native Method) ~[?:1.7.0_60]
	at java.net.AbstractPlainSocketImpl.accept(AbstractPlainSocketImpl.java:398) ~[?:1.7.0_60]
	at java.net.PlainSocketImpl.accept(PlainSocketImpl.java:199) ~[?:1.7.0_60]
	at java.net.ServerSocket.implAccept(ServerSocket.java:530) ~[?:1.7.0_60]
	at java.net.ServerSocket.accept(ServerSocket.java:498) ~[?:1.7.0_60]
	at com.sirma.itt.javacourse.chatserver.server.Server.acceptClients(Server.java:104) [classes/:?]
	at com.sirma.itt.javacourse.chatserver.server.Server.run(Server.java:78) [classes/:?]
	at java.lang.Thread.run(Thread.java:745) [?:1.7.0_60]
[INFO ] 2015-01-06 18:31:32.203 [AWT-EventQueue-0] Server - Closed the server
[ERROR] 2015-01-06 18:31:32.203 [Thread-4] Server - socket closed
java.net.SocketException: socket closed
	at java.net.TwoStacksPlainSocketImpl.socketAccept(Native Method) ~[?:1.7.0_60]
	at java.net.AbstractPlainSocketImpl.accept(AbstractPlainSocketImpl.java:398) ~[?:1.7.0_60]
	at java.net.PlainSocketImpl.accept(PlainSocketImpl.java:199) ~[?:1.7.0_60]
	at java.net.ServerSocket.implAccept(ServerSocket.java:530) ~[?:1.7.0_60]
	at java.net.ServerSocket.accept(ServerSocket.java:498) ~[?:1.7.0_60]
	at com.sirma.itt.javacourse.chatserver.server.Server.acceptClients(Server.java:104) [classes/:?]
	at com.sirma.itt.javacourse.chatserver.server.Server.run(Server.java:78) [classes/:?]
	at java.lang.Thread.run(Thread.java:745) [?:1.7.0_60]
